"../../../Engine/Content/EditorResources/S_Actor.ubulk" 0
"../../../Engine/Content/EditorResources/S_Actor.uasset" 1
"../../../Engine/Content/EditorResources/S_Actor.uexp" 2
"../../../Engine/Content/EditorResources/S_BoxReflectionCapture.uasset" 3
"../../../Engine/Content/EditorResources/S_BoxReflectionCapture.uexp" 4
"../../../Engine/Content/EngineResources/DefaultTexture.ubulk" 5
"../../../Engine/Content/EngineResources/DefaultTexture.uasset" 6
"../../../Engine/Content/EngineResources/DefaultTexture.uexp" 7
"../../../Engine/Content/EngineResources/DefaultTextureCube.uasset" 8
"../../../Engine/Content/EngineResources/DefaultTextureCube.uexp" 9
"../../../Engine/Content/EngineResources/DefaultVolumeTexture2D.uasset" 10
"../../../Engine/Content/EngineResources/DefaultVolumeTexture2D.uexp" 11
"../../../Engine/Content/EngineResources/DefaultVolumeTexture.uasset" 12
"../../../Engine/Content/EngineResources/DefaultVolumeTexture.uexp" 13
"../../../Engine/Content/EditorResources/S_Trigger.ubulk" 14
"../../../Engine/Content/EditorResources/S_Trigger.uasset" 15
"../../../Engine/Content/EditorResources/S_Trigger.uexp" 16
"../../../Engine/Content/EditorResources/S_TriggerBox.uasset" 17
"../../../Engine/Content/EditorResources/S_TriggerBox.uexp" 18
"../../../Engine/Content/EditorResources/S_TriggerCapsule.uasset" 19
"../../../Engine/Content/EditorResources/S_TriggerCapsule.uexp" 20
"../../../Engine/Content/EditorResources/S_TriggerSphere.uasset" 21
"../../../Engine/Content/EditorResources/S_TriggerSphere.uexp" 22
"../../../Engine/Content/EngineMeshes/Sphere.ubulk" 23
"../../../Engine/Content/EngineMeshes/Sphere.uasset" 24
"../../../Engine/Content/EngineMeshes/Sphere.uexp" 25
"../../../Engine/Content/EngineResources/GradientTexture0.uasset" 26
"../../../Engine/Content/EngineResources/GradientTexture0.uexp" 27
"../../../Engine/Content/EngineResources/Black.uasset" 28
"../../../Engine/Content/EngineResources/Black.uexp" 29
"../../../Engine/Content/VREditor/LaserPointer/VR_LaserPower_01.ubulk" 30
"../../../Engine/Content/VREditor/LaserPointer/VR_LaserPower_01.uasset" 31
"../../../Engine/Content/VREditor/LaserPointer/VR_LaserPower_01.uexp" 32
"../../../Engine/Content/VREditor/TransformGizmo/TransformGizmoMaterial.uasset" 33
"../../../Engine/Content/VREditor/TransformGizmo/TransformGizmoMaterial.uexp" 34
"../../../Engine/Content/VREditor/TransformGizmo/TranslucentTransformGizmoMaterial.uasset" 35
"../../../Engine/Content/VREditor/TransformGizmo/TranslucentTransformGizmoMaterial.uexp" 36
"../../../Engine/Content/VREditor/TransformGizmo/PlaneTranslationHandle.ubulk" 37
"../../../Engine/Content/VREditor/TransformGizmo/PlaneTranslationHandle.uasset" 38
"../../../Engine/Content/VREditor/TransformGizmo/PlaneTranslationHandle.uexp" 39
"../../../Engine/Content/VREditor/TransformGizmo/BoundingBoxCorner.ubulk" 40
"../../../Engine/Content/VREditor/TransformGizmo/BoundingBoxCorner.uasset" 41
"../../../Engine/Content/VREditor/TransformGizmo/BoundingBoxCorner.uexp" 42
"../../../Engine/Content/VREditor/TransformGizmo/BoundingBoxEdge.ubulk" 43
"../../../Engine/Content/VREditor/TransformGizmo/BoundingBoxEdge.uasset" 44
"../../../Engine/Content/VREditor/TransformGizmo/BoundingBoxEdge.uexp" 45
"../../../Engine/Content/VREditor/TransformGizmo/Main.uasset" 46
"../../../Engine/Content/VREditor/TransformGizmo/Main.uexp" 47
"../../../Engine/Content/VREditor/TransformGizmo/Xray.uasset" 48
"../../../Engine/Content/VREditor/TransformGizmo/Xray.uexp" 49
"../../../Engine/Content/VREditor/TransformGizmo/SM_Sequencer_Node.ubulk" 50
"../../../Engine/Content/VREditor/TransformGizmo/SM_Sequencer_Node.uasset" 51
"../../../Engine/Content/VREditor/TransformGizmo/SM_Sequencer_Node.uexp" 52
"../../../Engine/Content/EditorMaterials/Camera/CineMat.uasset" 53
"../../../Engine/Content/EditorMaterials/Camera/CineMat.uexp" 54
"../../../Engine/Content/EditorMaterials/Camera/MI_CineMat_Rig.uasset" 55
"../../../Engine/Content/EditorMaterials/Camera/MI_CineMat_Rig.uexp" 56
"../../../Engine/Content/EditorMeshes/Camera/SM_CraneRig_Base.ubulk" 57
"../../../Engine/Content/EditorMeshes/Camera/SM_CraneRig_Base.uasset" 58
"../../../Engine/Content/EditorMeshes/Camera/SM_CraneRig_Base.uexp" 59
"../../../Engine/Content/EditorMeshes/Camera/SM_CraneRig_Arm.ubulk" 60
"../../../Engine/Content/EditorMeshes/Camera/SM_CraneRig_Arm.uasset" 61
"../../../Engine/Content/EditorMeshes/Camera/SM_CraneRig_Arm.uexp" 62
"../../../Engine/Content/EditorMeshes/Camera/SM_CraneRig_Mount.ubulk" 63
"../../../Engine/Content/EditorMeshes/Camera/SM_CraneRig_Mount.uasset" 64
"../../../Engine/Content/EditorMeshes/Camera/SM_CraneRig_Mount.uexp" 65
"../../../Engine/Content/EditorMeshes/Camera/SM_CraneRig_Body.ubulk" 66
"../../../Engine/Content/EditorMeshes/Camera/SM_CraneRig_Body.uasset" 67
"../../../Engine/Content/EditorMeshes/Camera/SM_CraneRig_Body.uexp" 68
"../../../Engine/Content/EditorMeshes/Camera/SM_RailRig_Track.ubulk" 69
"../../../Engine/Content/EditorMeshes/Camera/SM_RailRig_Track.uasset" 70
"../../../Engine/Content/EditorMeshes/Camera/SM_RailRig_Track.uexp" 71
"../../../Engine/Content/EditorMeshes/Camera/SM_RailRig_Mount.ubulk" 72
"../../../Engine/Content/EditorMeshes/Camera/SM_RailRig_Mount.uasset" 73
"../../../Engine/Content/EditorMeshes/Camera/SM_RailRig_Mount.uexp" 74
"../../../Engine/Content/EngineMaterials/T_Default_Material_Grid_M.ubulk" 75
"../../../Engine/Content/EngineMaterials/T_Default_Material_Grid_M.uasset" 76
"../../../Engine/Content/EngineMaterials/T_Default_Material_Grid_M.uexp" 77
"../../../Engine/Content/EngineMaterials/T_Default_Material_Grid_N.ubulk" 78
"../../../Engine/Content/EngineMaterials/T_Default_Material_Grid_N.uasset" 79
"../../../Engine/Content/EngineMaterials/T_Default_Material_Grid_N.uexp" 80
"../../../Engine/Content/Functions/Engine_MaterialFunctions01/Opacity/CameraDepthFade.uasset" 81
"../../../Engine/Content/Functions/Engine_MaterialFunctions01/Opacity/CameraDepthFade.uexp" 82
"../../../Engine/Content/EngineMaterials/WorldGridMaterial.uasset" 83
"../../../Engine/Content/EngineMaterials/WorldGridMaterial.uexp" 84
"../../../Engine/Content/ArtTools/RenderToTexture/Meshes/S_1_Unit_Plane.ubulk" 85
"../../../Engine/Content/ArtTools/RenderToTexture/Meshes/S_1_Unit_Plane.uasset" 86
"../../../Engine/Content/ArtTools/RenderToTexture/Meshes/S_1_Unit_Plane.uexp" 87
"../../../Engine/Content/EditorMaterials/ParticleSystems/PSysThumbnail_NoImage.ubulk" 88
"../../../Engine/Content/EditorMaterials/ParticleSystems/PSysThumbnail_NoImage.uasset" 89
"../../../Engine/Content/EditorMaterials/ParticleSystems/PSysThumbnail_NoImage.uexp" 90
"../../../Engine/Content/EditorMaterials/ParticleSystems/PSysThumbnail_OOD.ubulk" 91
"../../../Engine/Content/EditorMaterials/ParticleSystems/PSysThumbnail_OOD.uasset" 92
"../../../Engine/Content/EditorMaterials/ParticleSystems/PSysThumbnail_OOD.uexp" 93
"../../../Engine/Content/EditorLandscapeResources/SplineEditorMeshMat.uasset" 94
"../../../Engine/Content/EditorLandscapeResources/SplineEditorMeshMat.uexp" 95
"../../../Engine/Content/EditorLandscapeResources/SplineEditorMesh.ubulk" 96
"../../../Engine/Content/EditorLandscapeResources/SplineEditorMesh.uasset" 97
"../../../Engine/Content/EditorLandscapeResources/SplineEditorMesh.uexp" 98
"../../../Engine/Content/EditorResources/S_Solver.ubulk" 99
"../../../Engine/Content/EditorResources/S_Solver.uasset" 100
"../../../Engine/Content/EditorResources/S_Solver.uexp" 101
"../../../Engine/Plugins/Media/MediaPlate/Content/SM_MediaPlateScreen.ubulk" 102
"../../../Engine/Plugins/Media/MediaPlate/Content/SM_MediaPlateScreen.uasset" 103
"../../../Engine/Plugins/Media/MediaPlate/Content/SM_MediaPlateScreen.uexp" 104
"../../../Engine/Content/EngineMaterials/DefaultBokeh.uasset" 105
"../../../Engine/Content/EngineMaterials/DefaultBokeh.uexp" 106
"../../../Engine/Content/EngineMaterials/PreintegratedSkinBRDF.uasset" 107
"../../../Engine/Content/EngineMaterials/PreintegratedSkinBRDF.uexp" 108
"../../../Engine/Content/EngineMaterials/MiniFont.uasset" 109
"../../../Engine/Content/EngineMaterials/MiniFont.uexp" 110
"../../../Engine/Content/EngineMaterials/WeightMapPlaceholderTexture.uasset" 111
"../../../Engine/Content/EngineMaterials/WeightMapPlaceholderTexture.uexp" 112
"../../../Engine/Content/EngineMaterials/DefaultWhiteGrid.ubulk" 113
"../../../Engine/Content/EngineMaterials/DefaultWhiteGrid.uasset" 114
"../../../Engine/Content/EngineMaterials/DefaultWhiteGrid.uexp" 115
"../../../Engine/Content/Animation/DefaultRecorderBoneCompression.uasset" 116
"../../../Engine/Content/Animation/DefaultRecorderBoneCompression.uexp" 117
"../../../Engine/Content/EngineMaterials/DefaultMaterial.uasset" 118
"../../../Engine/Content/EngineMaterials/DefaultMaterial.uexp" 119
"../../../Engine/Content/BasicShapes/Sphere.ubulk" 120
"../../../Engine/Content/BasicShapes/Sphere.uasset" 121
"../../../Engine/Content/BasicShapes/Sphere.uexp" 122
"../../../Engine/Content/BasicShapes/Plane.ubulk" 123
"../../../Engine/Content/BasicShapes/Plane.uasset" 124
"../../../Engine/Content/BasicShapes/Plane.uexp" 125
"../../../Engine/Content/BasicShapes/Cylinder.ubulk" 126
"../../../Engine/Content/BasicShapes/Cylinder.uasset" 127
"../../../Engine/Content/BasicShapes/Cylinder.uexp" 128
"../../../Engine/Content/BasicShapes/Cube.ubulk" 129
"../../../Engine/Content/BasicShapes/Cube.uasset" 130
"../../../Engine/Content/BasicShapes/Cube.uexp" 131
"../../../Engine/Content/BasicShapes/Cone.ubulk" 132
"../../../Engine/Content/BasicShapes/Cone.uasset" 133
"../../../Engine/Content/BasicShapes/Cone.uexp" 134
"../../../Engine/Content/EditorLandscapeResources/DefaultAlphaTexture.uasset" 135
"../../../Engine/Content/EditorLandscapeResources/DefaultAlphaTexture.uexp" 136
"../../../Engine/Content/EditorLandscapeResources/DataLayer.uasset" 137
"../../../Engine/Content/EditorLandscapeResources/DataLayer.uexp" 138
"../../../Engine/Content/EditorMaterials/PreviewShadowIndicator.ubulk" 139
"../../../Engine/Content/EditorMaterials/PreviewShadowIndicator.uasset" 140
"../../../Engine/Content/EditorMaterials/PreviewShadowIndicator.uexp" 141
"../../../Engine/Content/EditorMaterials/PreviewShadowIndicatorMaterial.uasset" 142
"../../../Engine/Content/EditorMaterials/PreviewShadowIndicatorMaterial.uexp" 143
"../../../Engine/Content/EditorMaterials/PhAT_UnselectedMaterial.uasset" 144
"../../../Engine/Content/EditorMaterials/PhAT_UnselectedMaterial.uexp" 145
"../../../Engine/Content/EditorMaterials/PhAT_NoCollisionMaterial.uasset" 146
"../../../Engine/Content/EditorMaterials/PhAT_NoCollisionMaterial.uexp" 147
"../../../Engine/Content/Functions/Engine_MaterialFunctions02/Utility/MakeFloat4.uasset" 148
"../../../Engine/Content/Functions/Engine_MaterialFunctions02/Utility/MakeFloat4.uexp" 149
"../../../Engine/Content/Functions/Engine_MaterialFunctions02/Utility/MakeFloat3.uasset" 150
"../../../Engine/Content/Functions/Engine_MaterialFunctions02/Utility/MakeFloat3.uexp" 151
"../../../Engine/Content/Functions/Engine_MaterialFunctions02/Utility/BreakOutFloat3Components.uasset" 152
"../../../Engine/Content/Functions/Engine_MaterialFunctions02/Utility/BreakOutFloat3Components.uexp" 153
"../../../Engine/Content/EditorMaterials/WorldPartition/WorldPartitionSpatialHashGridPreviewMaterial.uasset" 154
"../../../Engine/Content/EditorMaterials/WorldPartition/WorldPartitionSpatialHashGridPreviewMaterial.uexp" 155
"../../../Engine/Content/EditorResources/S_Terrain.ubulk" 156
"../../../Engine/Content/EditorResources/S_Terrain.uasset" 157
"../../../Engine/Content/EditorResources/S_Terrain.uexp" 158
"../../../Engine/Content/EditorResources/EmptyActor.uasset" 159
"../../../Engine/Content/EditorResources/EmptyActor.uexp" 160
"../../../Engine/Content/EditorResources/BSPVertex.uasset" 161
"../../../Engine/Content/EditorResources/BSPVertex.uexp" 162
"../../../Engine/Content/EditorResources/SequenceRecorder/RecordingIndicator.uasset" 163
"../../../Engine/Content/EditorResources/SequenceRecorder/RecordingIndicator.uexp" 164
"../../../Engine/Content/EditorResources/SequenceRecorder/Countdown.uasset" 165
"../../../Engine/Content/EditorResources/SequenceRecorder/Countdown.uexp" 166
"../../../Engine/Content/EngineDamageTypes/DmgTypeBP_Environmental.uasset" 167
"../../../Engine/Content/EngineDamageTypes/DmgTypeBP_Environmental.uexp" 168
"../../../Engine/Content/Functions/Engine_MaterialFunctions02/Utility/CameraDirectionVector.uasset" 169
"../../../Engine/Content/Functions/Engine_MaterialFunctions02/Utility/CameraDirectionVector.uexp" 170
"../../../Engine/Content/EngineDebugMaterials/VolumeToRender.uasset" 171
"../../../Engine/Content/EngineDebugMaterials/VolumeToRender.uexp" 172
"../../../Engine/Content/EngineDebugMaterials/M_VolumeRenderSphereTracePP.uasset" 173
"../../../Engine/Content/EngineDebugMaterials/M_VolumeRenderSphereTracePP.uexp" 174
"../../../Engine/Content/EngineDebugMaterials/M_SimpleUnlitTranslucent.uasset" 175
"../../../Engine/Content/EngineDebugMaterials/M_SimpleUnlitTranslucent.uexp" 176
"../../../Engine/Content/EngineDebugMaterials/DebugMeshMaterial.uasset" 177
"../../../Engine/Content/EngineDebugMaterials/DebugMeshMaterial.uexp" 178
"../../../Engine/Content/EngineDebugMaterials/DebugEditorMaterial.uasset" 179
"../../../Engine/Content/EngineDebugMaterials/DebugEditorMaterial.uexp" 180
"../../../Engine/Content/EngineFonts/Faces/RobotoLight.uexp" 181
"../../../Engine/Content/EngineFonts/Faces/RobotoLight.uasset" 182
"../../../Engine/Content/EngineFonts/Faces/RobotoLight.ufont" 183
"../../../Engine/Content/EngineFonts/Faces/RobotoBold.uexp" 184
"../../../Engine/Content/EngineFonts/Faces/RobotoBold.uasset" 185
"../../../Engine/Content/EngineFonts/Faces/RobotoBold.ufont" 186
"../../../Engine/Content/EngineFonts/Faces/RobotoRegular.uexp" 187
"../../../Engine/Content/EngineFonts/Faces/RobotoRegular.uasset" 188
"../../../Engine/Content/EngineFonts/Faces/RobotoRegular.ufont" 189
"../../../Engine/Content/EngineFonts/Faces/DroidSansFallback.uexp" 190
"../../../Engine/Content/EngineFonts/Faces/DroidSansFallback.uasset" 191
"../../../Engine/Content/EngineFonts/Faces/DroidSansFallback.ufont" 192
"../../../Engine/Content/EngineFonts/Faces/RobotoItalic.uexp" 193
"../../../Engine/Content/EngineFonts/Faces/RobotoItalic.uasset" 194
"../../../Engine/Content/EngineFonts/Faces/RobotoItalic.ufont" 195
"../../../Engine/Content/EngineFonts/Faces/RobotoBoldItalic.uexp" 196
"../../../Engine/Content/EngineFonts/Faces/RobotoBoldItalic.uasset" 197
"../../../Engine/Content/EngineFonts/Faces/RobotoBoldItalic.ufont" 198
"../../../Engine/Content/EngineFonts/Roboto.uasset" 199
"../../../Engine/Content/EngineFonts/Roboto.uexp" 200
"../../../Engine/Content/EngineResources/WhiteSquareTexture.uasset" 201
"../../../Engine/Content/EngineResources/WhiteSquareTexture.uexp" 202
"../../../Engine/Content/EngineMaterials/Widget3DPassThrough.uasset" 203
"../../../Engine/Content/EngineMaterials/Widget3DPassThrough.uexp" 204
"../../../Engine/Content/EngineMaterials/Widget3DPassThrough_Translucent.uasset" 205
"../../../Engine/Content/EngineMaterials/Widget3DPassThrough_Translucent.uexp" 206
"../../../Engine/Content/EngineMaterials/Widget3DPassThrough_Translucent_OneSided.uasset" 207
"../../../Engine/Content/EngineMaterials/Widget3DPassThrough_Translucent_OneSided.uexp" 208
"../../../Engine/Content/EngineMaterials/Widget3DPassThrough_Opaque.uasset" 209
"../../../Engine/Content/EngineMaterials/Widget3DPassThrough_Opaque.uexp" 210
"../../../Engine/Content/EngineMaterials/Widget3DPassThrough_Opaque_OneSided.uasset" 211
"../../../Engine/Content/EngineMaterials/Widget3DPassThrough_Opaque_OneSided.uexp" 212
"../../../Engine/Content/EngineMaterials/Widget3DPassThrough_Masked_OneSided.uasset" 213
"../../../Engine/Content/EngineMaterials/Widget3DPassThrough_Masked_OneSided.uexp" 214
"../../../Engine/Content/EngineMaterials/Widget3DPassThrough_Masked.uasset" 215
"../../../Engine/Content/EngineMaterials/Widget3DPassThrough_Masked.uexp" 216
"../../../Engine/Content/EngineMaterials/STBlueNoise_vec2_128x128x64.uasset" 217
"../../../Engine/Content/EngineMaterials/STBlueNoise_vec2_128x128x64.uexp" 218
"../../../Engine/Content/EngineMaterials/STBlueNoise_scalar_128x128x64.uasset" 219
"../../../Engine/Content/EngineMaterials/STBlueNoise_scalar_128x128x64.uexp" 220
"../../../Engine/Content/EngineMaterials/RemoveSurfaceMaterial.uasset" 221
"../../../Engine/Content/EngineMaterials/RemoveSurfaceMaterial.uexp" 222
"../../../Engine/Content/EngineMaterials/DefaultCalibrationGrayscale.uasset" 223
"../../../Engine/Content/EngineMaterials/DefaultCalibrationGrayscale.uexp" 224
"../../../Engine/Content/EngineMaterials/PPM_DefaultCalibrationGrayscale.uasset" 225
"../../../Engine/Content/EngineMaterials/PPM_DefaultCalibrationGrayscale.uexp" 226
"../../../Engine/Content/EngineMaterials/DefaultCalibrationColor.uasset" 227
"../../../Engine/Content/EngineMaterials/DefaultCalibrationColor.uexp" 228
"../../../Engine/Content/EngineMaterials/PPM_DefaultCalibrationColor.uasset" 229
"../../../Engine/Content/EngineMaterials/PPM_DefaultCalibrationColor.uexp" 230
"../../../Engine/Content/Functions/Engine_MaterialFunctions02/WorldPositionOffset/CameraOffset.uasset" 231
"../../../Engine/Content/Functions/Engine_MaterialFunctions02/WorldPositionOffset/CameraOffset.uexp" 232
"../../../Engine/Content/EngineMaterials/PhAT_JointLimitMaterial.uasset" 233
"../../../Engine/Content/EngineMaterials/PhAT_JointLimitMaterial.uexp" 234
"../../../Engine/Content/EngineMaterials/InvalidLightmapSettings.ubulk" 235
"../../../Engine/Content/EngineMaterials/InvalidLightmapSettings.uasset" 236
"../../../Engine/Content/EngineMaterials/InvalidLightmapSettings.uexp" 237
"../../../Engine/Content/EngineMaterials/M_InvalidLightmapSettings.uasset" 238
"../../../Engine/Content/EngineMaterials/M_InvalidLightmapSettings.uexp" 239
"../../../Engine/Content/EngineMaterials/GizmoMaterial.uasset" 240
"../../../Engine/Content/EngineMaterials/GizmoMaterial.uexp" 241
"../../../Engine/Content/EngineMaterials/BaseFlattenEmissiveMap_VT.uasset" 242
"../../../Engine/Content/EngineMaterials/BaseFlattenEmissiveMap_VT.uexp" 243
"../../../Engine/Content/EngineMaterials/BaseFlattenGrayscaleMap_VT.uasset" 244
"../../../Engine/Content/EngineMaterials/BaseFlattenGrayscaleMap_VT.uexp" 245
"../../../Engine/Content/EngineMaterials/BaseFlattenLinearColor_VT.uasset" 246
"../../../Engine/Content/EngineMaterials/BaseFlattenLinearColor_VT.uexp" 247
"../../../Engine/Content/EngineMaterials/Black_1x1_EXR_Texture_VT.uasset" 248
"../../../Engine/Content/EngineMaterials/Black_1x1_EXR_Texture_VT.uexp" 249
"../../../Engine/Content/EngineMaterials/BaseFlattenDiffuseMap_VT.uasset" 250
"../../../Engine/Content/EngineMaterials/BaseFlattenDiffuseMap_VT.uexp" 251
"../../../Engine/Content/EngineMaterials/BaseFlattenNormalMap_VT.uasset" 252
"../../../Engine/Content/EngineMaterials/BaseFlattenNormalMap_VT.uexp" 253
"../../../Engine/Content/EngineMaterials/FlattenMaterial_WS_Normal_VT.uasset" 254
"../../../Engine/Content/EngineMaterials/FlattenMaterial_WS_Normal_VT.uexp" 255
"../../../Engine/Content/EngineMaterials/FlattenMaterial_VT.uasset" 256
"../../../Engine/Content/EngineMaterials/FlattenMaterial_VT.uexp" 257
"../../../Engine/Content/EngineMaterials/BaseFlattenNormalMap.uasset" 258
"../../../Engine/Content/EngineMaterials/BaseFlattenNormalMap.uexp" 259
"../../../Engine/Content/EngineMaterials/BaseFlattenGrayscaleMap.uasset" 260
"../../../Engine/Content/EngineMaterials/BaseFlattenGrayscaleMap.uexp" 261
"../../../Engine/Content/EngineMaterials/BaseFlattenDiffuseMap.uasset" 262
"../../../Engine/Content/EngineMaterials/BaseFlattenDiffuseMap.uexp" 263
"../../../Engine/Content/Functions/Engine_MaterialFunctions02/PivotPainter2/Black_1x1_EXR_Texture.uasset" 264
"../../../Engine/Content/Functions/Engine_MaterialFunctions02/PivotPainter2/Black_1x1_EXR_Texture.uexp" 265
"../../../Engine/Content/EngineMaterials/BaseFlattenEmissiveMap.uasset" 266
"../../../Engine/Content/EngineMaterials/BaseFlattenEmissiveMap.uexp" 267
"../../../Engine/Content/EngineMaterials/BaseFlattenLinearColor.uasset" 268
"../../../Engine/Content/EngineMaterials/BaseFlattenLinearColor.uexp" 269
"../../../Engine/Content/EngineMaterials/FlattenMaterial.uasset" 270
"../../../Engine/Content/EngineMaterials/FlattenMaterial.uexp" 271
"../../../Engine/Content/EngineMaterials/DefaultWhiteGrid_Low.uasset" 272
"../../../Engine/Content/EngineMaterials/DefaultWhiteGrid_Low.uexp" 273
"../../../Engine/Content/EngineMaterials/EmissiveMeshMaterial.uasset" 274
"../../../Engine/Content/EngineMaterials/EmissiveMeshMaterial.uexp" 275
"../../../Engine/Content/EngineFonts/RobotoDistanceField.uasset" 276
"../../../Engine/Content/EngineFonts/RobotoDistanceField.uexp" 277
"../../../Engine/Content/EngineMaterials/DefaultTextMaterialOpaque.uasset" 278
"../../../Engine/Content/EngineMaterials/DefaultTextMaterialOpaque.uexp" 279
"../../../Engine/Content/EngineMaterials/DefaultDiffuse.ubulk" 280
"../../../Engine/Content/EngineMaterials/DefaultDiffuse.uasset" 281
"../../../Engine/Content/EngineMaterials/DefaultDiffuse.uexp" 282
"../../../Engine/Content/Functions/Engine_MaterialFunctions02/Utility/BreakOutFloat2Components.uasset" 283
"../../../Engine/Content/Functions/Engine_MaterialFunctions02/Utility/BreakOutFloat2Components.uexp" 284
"../../../Engine/Content/EngineMaterials/DefaultPostProcessMaterial.uasset" 285
"../../../Engine/Content/EngineMaterials/DefaultPostProcessMaterial.uexp" 286
"../../../Engine/Content/EngineMaterials/DefaultPhysicalMaterial.uasset" 287
"../../../Engine/Content/EngineMaterials/DefaultPhysicalMaterial.uexp" 288
"../../../Engine/Content/EngineMaterials/DefaultLightFunctionMaterial.uasset" 289
"../../../Engine/Content/EngineMaterials/DefaultLightFunctionMaterial.uexp" 290
"../../../Engine/Content/EngineMaterials/DefaultDestructiblePhysicalMaterial.uasset" 291
"../../../Engine/Content/EngineMaterials/DefaultDestructiblePhysicalMaterial.uexp" 292
"../../../Engine/Content/EngineMaterials/DefaultDeferredDecalMaterial.uasset" 293
"../../../Engine/Content/EngineMaterials/DefaultDeferredDecalMaterial.uexp" 294
"../../../Engine/Content/EngineMaterials/DefaultBloomKernel.uasset" 295
"../../../Engine/Content/EngineMaterials/DefaultBloomKernel.uexp" 296
"../../../Engine/Content/EngineResources/FilmGrains/Marcie_Grain_v3_128_M2_000.uasset" 297
"../../../Engine/Content/EngineResources/FilmGrains/Marcie_Grain_v3_128_M2_000.uexp" 298
"../../../Engine/Content/EngineSky/VolumetricClouds/CloudWeatherTexture.uasset" 299
"../../../Engine/Content/EngineSky/VolumetricClouds/CloudWeatherTexture.uexp" 300
"../../../Engine/Content/Functions/Engine_MaterialFunctions02/Utility/MakeFloat2.uasset" 301
"../../../Engine/Content/Functions/Engine_MaterialFunctions02/Utility/MakeFloat2.uexp" 302
"../../../Engine/Content/EngineSky/VolumetricClouds/CloudGradientTexture.uasset" 303
"../../../Engine/Content/EngineSky/VolumetricClouds/CloudGradientTexture.uexp" 304
"../../../Engine/Content/EngineSky/VolumetricClouds/T_NoiseShape64.ubulk" 305
"../../../Engine/Content/EngineSky/VolumetricClouds/T_NoiseShape64.uasset" 306
"../../../Engine/Content/EngineSky/VolumetricClouds/T_NoiseShape64.uexp" 307
"../../../Engine/Content/EngineSky/VolumetricClouds/T_VolumeNoiseShape64.uasset" 308
"../../../Engine/Content/EngineSky/VolumetricClouds/T_VolumeNoiseShape64.uexp" 309
"../../../Engine/Content/EngineSky/VolumetricClouds/T_NoiseErosion.ubulk" 310
"../../../Engine/Content/EngineSky/VolumetricClouds/T_NoiseErosion.uasset" 311
"../../../Engine/Content/EngineSky/VolumetricClouds/T_NoiseErosion.uexp" 312
"../../../Engine/Content/EngineSky/VolumetricClouds/T_VolumeNoiseErosion32.uasset" 313
"../../../Engine/Content/EngineSky/VolumetricClouds/T_VolumeNoiseErosion32.uexp" 314
"../../../Engine/Content/EngineSky/VolumetricClouds/m_SimpleVolumetricCloud.uasset" 315
"../../../Engine/Content/EngineSky/VolumetricClouds/m_SimpleVolumetricCloud.uexp" 316
"../../../Engine/Content/EngineSky/VolumetricClouds/m_SimpleVolumetricCloud_Inst.uasset" 317
"../../../Engine/Content/EngineSky/VolumetricClouds/m_SimpleVolumetricCloud_Inst.uexp" 318
"../../../Engine/Content/EngineSounds/Master.uasset" 319
"../../../Engine/Content/EngineSounds/Master.uexp" 320
"../../../Engine/Content/Functions/Engine_MaterialFunctions01/Shading/PowerToRoughness.uasset" 321
"../../../Engine/Content/Functions/Engine_MaterialFunctions01/Shading/PowerToRoughness.uexp" 322
"../../../Engine/Content/MobileResources/HUD/VirtualJoystick_Background.uasset" 323
"../../../Engine/Content/MobileResources/HUD/VirtualJoystick_Background.uexp" 324
"../../../Engine/Content/MobileResources/HUD/VirtualJoystick_Thumb.uasset" 325
"../../../Engine/Content/MobileResources/HUD/VirtualJoystick_Thumb.uexp" 326
"../../../Engine/Content/MobileResources/HUD/DefaultVirtualJoysticks.uasset" 327
"../../../Engine/Content/MobileResources/HUD/DefaultVirtualJoysticks.uexp" 328
"../../../Engine/Plugins/Runtime/MeshModelingToolset/Content/Materials/M_DynamicMeshComponentVtxColor.uasset" 329
"../../../Engine/Plugins/Runtime/MeshModelingToolset/Content/Materials/M_DynamicMeshComponentVtxColor.uexp" 330
"../../../Engine/Plugins/Interchange/Runtime/Content/Pipelines/DefaultTexturePipeline.uasset" 331
"../../../Engine/Plugins/Interchange/Runtime/Content/Pipelines/DefaultTexturePipeline.uexp" 332
"../../../Engine/Plugins/Interchange/Runtime/Content/Pipelines/DefaultSceneLevelPipeline.uasset" 333
"../../../Engine/Plugins/Interchange/Runtime/Content/Pipelines/DefaultSceneLevelPipeline.uexp" 334
"../../../Engine/Plugins/Interchange/Runtime/Content/Pipelines/DefaultSceneAssetsPipeline.uasset" 335
"../../../Engine/Plugins/Interchange/Runtime/Content/Pipelines/DefaultSceneAssetsPipeline.uexp" 336
"../../../Engine/Plugins/Interchange/Runtime/Content/Pipelines/DefaultMaterialPipeline.uasset" 337
"../../../Engine/Plugins/Interchange/Runtime/Content/Pipelines/DefaultMaterialPipeline.uexp" 338
"../../../Engine/Plugins/Interchange/Runtime/Content/Pipelines/DefaultAssetsPipeline.uasset" 339
"../../../Engine/Plugins/Interchange/Runtime/Content/Pipelines/DefaultAssetsPipeline.uexp" 340
"../../../Engine/Plugins/Interchange/Runtime/Content/Materials/UnlitMaterial.uasset" 341
"../../../Engine/Plugins/Interchange/Runtime/Content/Materials/UnlitMaterial.uexp" 342
"../../../Engine/Content/EngineMaterials/DefaultNormal.ubulk" 343
"../../../Engine/Content/EngineMaterials/DefaultNormal.uasset" 344
"../../../Engine/Content/EngineMaterials/DefaultNormal.uexp" 345
"../../../Engine/Plugins/Interchange/Runtime/Content/Materials/MapOrScalarFunction.uasset" 346
"../../../Engine/Plugins/Interchange/Runtime/Content/Materials/MapOrScalarFunction.uexp" 347
"../../../Engine/Plugins/Interchange/Runtime/Content/Materials/MapOrLinearColorFunction.uasset" 348
"../../../Engine/Plugins/Interchange/Runtime/Content/Materials/MapOrLinearColorFunction.uexp" 349
"../../../Engine/Plugins/Interchange/Runtime/Content/Materials/MapOrColorFunction.uasset" 350
"../../../Engine/Plugins/Interchange/Runtime/Content/Materials/MapOrColorFunction.uexp" 351
"../../../Engine/Plugins/Interchange/Runtime/Content/Materials/CommonMaterial.uasset" 352
"../../../Engine/Plugins/Interchange/Runtime/Content/Materials/CommonMaterial.uexp" 353
"../../../Engine/Plugins/Interchange/Runtime/Content/Materials/PBRSurfaceFunction.uasset" 354
"../../../Engine/Plugins/Interchange/Runtime/Content/Materials/PBRSurfaceFunction.uexp" 355
"../../../Engine/Plugins/Interchange/Runtime/Content/Materials/ThinTranslucentMaterial.uasset" 356
"../../../Engine/Plugins/Interchange/Runtime/Content/Materials/ThinTranslucentMaterial.uexp" 357
"../../../Engine/Plugins/Interchange/Runtime/Content/Materials/SubsurfaceMaterial.uasset" 358
"../../../Engine/Plugins/Interchange/Runtime/Content/Materials/SubsurfaceMaterial.uexp" 359
"../../../Engine/Plugins/Interchange/Runtime/Content/Materials/SheenMaterial.uasset" 360
"../../../Engine/Plugins/Interchange/Runtime/Content/Materials/SheenMaterial.uexp" 361
"../../../Engine/Content/Functions/Engine_MaterialFunctions01/Shading/ConvertFromDiffSpec.uasset" 362
"../../../Engine/Content/Functions/Engine_MaterialFunctions01/Shading/ConvertFromDiffSpec.uexp" 363
"../../../Engine/Plugins/Interchange/Runtime/Content/Materials/PhongSurfaceMaterial.uasset" 364
"../../../Engine/Plugins/Interchange/Runtime/Content/Materials/PhongSurfaceMaterial.uexp" 365
"../../../Engine/Plugins/Interchange/Runtime/Content/Materials/PBRSurfaceMaterial.uasset" 366
"../../../Engine/Plugins/Interchange/Runtime/Content/Materials/PBRSurfaceMaterial.uexp" 367
"../../../Engine/Content/EngineMaterials/FlatNormal.uasset" 368
"../../../Engine/Content/EngineMaterials/FlatNormal.uexp" 369
"../../../Engine/Plugins/Interchange/Runtime/Content/Functions/MF_OrenNayerView.uasset" 370
"../../../Engine/Plugins/Interchange/Runtime/Content/Functions/MF_OrenNayerView.uexp" 371
"../../../Engine/Content/EditorLandscapeResources/WhiteSquareTexture.uasset" 372
"../../../Engine/Content/EditorLandscapeResources/WhiteSquareTexture.uexp" 373
"../../../Engine/Plugins/Interchange/Runtime/Content/Functions/MF_SchlickApprox.uasset" 374
"../../../Engine/Plugins/Interchange/Runtime/Content/Functions/MF_SchlickApprox.uexp" 375
"../../../Engine/Plugins/Interchange/Runtime/Content/Utilities/New_LUT.uasset" 376
"../../../Engine/Plugins/Interchange/Runtime/Content/Utilities/New_LUT.uexp" 377
"../../../Engine/Content/Functions/Engine_MaterialFunctions03/Math/RemapValueRange.uasset" 378
"../../../Engine/Content/Functions/Engine_MaterialFunctions03/Math/RemapValueRange.uexp" 379
"../../../Engine/Plugins/Interchange/Runtime/Content/Functions/MF_Iridescence.uasset" 380
"../../../Engine/Plugins/Interchange/Runtime/Content/Functions/MF_Iridescence.uexp" 381
"../../../Engine/Plugins/Interchange/Runtime/Content/Materials/OrenNayerMaterial.uasset" 382
"../../../Engine/Plugins/Interchange/Runtime/Content/Materials/OrenNayerMaterial.uexp" 383
"../../../Engine/Plugins/Interchange/Runtime/Content/Materials/LambertSurfaceMaterial.uasset" 384
"../../../Engine/Plugins/Interchange/Runtime/Content/Materials/LambertSurfaceMaterial.uexp" 385
"../../../Engine/Plugins/Interchange/Runtime/Content/Materials/ClearCoatMaterial.uasset" 386
"../../../Engine/Plugins/Interchange/Runtime/Content/Materials/ClearCoatMaterial.uexp" 387
"../../../Engine/Plugins/Interchange/Runtime/Content/gltf/Textures/T_Gray_Linear.uasset" 388
"../../../Engine/Plugins/Interchange/Runtime/Content/gltf/Textures/T_Gray_Linear.uexp" 389
"../../../Engine/Plugins/Interchange/Runtime/Content/gltf/Textures/T_Black_srgb.uasset" 390
"../../../Engine/Plugins/Interchange/Runtime/Content/gltf/Textures/T_Black_srgb.uexp" 391
"../../../Engine/Plugins/Interchange/Runtime/Content/gltf/MaterialFunctions/MF_RotateV2.uasset" 392
"../../../Engine/Plugins/Interchange/Runtime/Content/gltf/MaterialFunctions/MF_RotateV2.uexp" 393
"../../../Engine/Plugins/Interchange/Runtime/Content/gltf/MaterialFunctions/MF_TransformUVs.uasset" 394
"../../../Engine/Plugins/Interchange/Runtime/Content/gltf/MaterialFunctions/MF_TransformUVs.uexp" 395
"../../../Engine/Plugins/Interchange/Runtime/Content/gltf/Textures/T_White_srgb.uasset" 396
"../../../Engine/Plugins/Interchange/Runtime/Content/gltf/Textures/T_White_srgb.uexp" 397
"../../../Engine/Plugins/Interchange/Runtime/Content/gltf/MaterialFunctions/MF_BaseColor.uasset" 398
"../../../Engine/Plugins/Interchange/Runtime/Content/gltf/MaterialFunctions/MF_BaseColor.uexp" 399
"../../../Engine/Plugins/Interchange/Runtime/Content/gltf/MaterialFunctions/MF_DiffuseSpecGloss.uasset" 400
"../../../Engine/Plugins/Interchange/Runtime/Content/gltf/MaterialFunctions/MF_DiffuseSpecGloss.uexp" 401
"../../../Engine/Plugins/Interchange/Runtime/Content/gltf/Textures/T_White_Linear.uasset" 402
"../../../Engine/Plugins/Interchange/Runtime/Content/gltf/Textures/T_White_Linear.uexp" 403
"../../../Engine/Plugins/Interchange/Runtime/Content/gltf/MaterialFunctions/MF_MetallicRoughness.uasset" 404
"../../../Engine/Plugins/Interchange/Runtime/Content/gltf/MaterialFunctions/MF_MetallicRoughness.uexp" 405
"../../../Engine/Plugins/Interchange/Runtime/Content/gltf/MaterialFunctions/MF_Transmission.uasset" 406
"../../../Engine/Plugins/Interchange/Runtime/Content/gltf/MaterialFunctions/MF_Transmission.uexp" 407
"../../../Engine/Plugins/Interchange/Runtime/Content/gltf/MaterialFunctions/MF_Occlusion.uasset" 408
"../../../Engine/Plugins/Interchange/Runtime/Content/gltf/MaterialFunctions/MF_Occlusion.uexp" 409
"../../../Engine/Content/Functions/Engine_MaterialFunctions02/Texturing/CustomRotator.uasset" 410
"../../../Engine/Content/Functions/Engine_MaterialFunctions02/Texturing/CustomRotator.uexp" 411
"../../../Engine/Content/Functions/Engine_MaterialFunctions02/Texturing/ScreenAlignedPixelToPixelUVs.uasset" 412
"../../../Engine/Content/Functions/Engine_MaterialFunctions02/Texturing/ScreenAlignedPixelToPixelUVs.uexp" 413
"../../../Engine/Plugins/Interchange/Runtime/Content/Utilities/T_Bayer64_Grayscale_64px.uasset" 414
"../../../Engine/Plugins/Interchange/Runtime/Content/Utilities/T_Bayer64_Grayscale_64px.uexp" 415
"../../../Engine/Plugins/Interchange/Runtime/Content/gltf/MaterialFunctions/MF_Temporal_Blur.uasset" 416
"../../../Engine/Plugins/Interchange/Runtime/Content/gltf/MaterialFunctions/MF_Temporal_Blur.uexp" 417
"../../../Engine/Plugins/Interchange/Runtime/Content/gltf/MaterialFunctions/MF_Specular.uasset" 418
"../../../Engine/Plugins/Interchange/Runtime/Content/gltf/MaterialFunctions/MF_Specular.uexp" 419
"../../../Engine/Plugins/Interchange/Runtime/Content/gltf/MaterialFunctions/MF_IOR.uasset" 420
"../../../Engine/Plugins/Interchange/Runtime/Content/gltf/MaterialFunctions/MF_IOR.uexp" 421
"../../../Engine/Plugins/Interchange/Runtime/Content/gltf/MaterialFunctions/MF_Fresnel_DS.uasset" 422
"../../../Engine/Plugins/Interchange/Runtime/Content/gltf/MaterialFunctions/MF_Fresnel_DS.uexp" 423
"../../../Engine/Content/Functions/Engine_MaterialFunctions01/Texturing/FlattenNormal.uasset" 424
"../../../Engine/Content/Functions/Engine_MaterialFunctions01/Texturing/FlattenNormal.uexp" 425
"../../../Engine/Content/Functions/Engine_MaterialFunctions02/Math/Transform3x3Matrix.uasset" 426
"../../../Engine/Content/Functions/Engine_MaterialFunctions02/Math/Transform3x3Matrix.uexp" 427
"../../../Engine/Plugins/Interchange/Runtime/Content/gltf/MaterialFunctions/MF_RotateNormals_TS.uasset" 428
"../../../Engine/Plugins/Interchange/Runtime/Content/gltf/MaterialFunctions/MF_RotateNormals_TS.uexp" 429
"../../../Engine/Plugins/Interchange/Runtime/Content/gltf/Textures/T_Generic_N.uasset" 430
"../../../Engine/Plugins/Interchange/Runtime/Content/gltf/Textures/T_Generic_N.uexp" 431
"../../../Engine/Plugins/Interchange/Runtime/Content/gltf/MaterialFunctions/MF_Normals.uasset" 432
"../../../Engine/Plugins/Interchange/Runtime/Content/gltf/MaterialFunctions/MF_Normals.uexp" 433
"../../../Engine/Content/Functions/Engine_MaterialFunctions02/Math/AddComponents.uasset" 434
"../../../Engine/Content/Functions/Engine_MaterialFunctions02/Math/AddComponents.uexp" 435
"../../../Engine/Plugins/Interchange/Runtime/Content/gltf/MaterialFunctions/MF_PerceivedBrightness.uasset" 436
"../../../Engine/Plugins/Interchange/Runtime/Content/gltf/MaterialFunctions/MF_PerceivedBrightness.uexp" 437
"../../../Engine/Plugins/Interchange/Runtime/Content/gltf/MaterialFunctions/MF_SpecGlossToMetalRoughness.uasset" 438
"../../../Engine/Plugins/Interchange/Runtime/Content/gltf/MaterialFunctions/MF_SpecGlossToMetalRoughness.uexp" 439
"../../../Engine/Plugins/Interchange/Runtime/Content/gltf/M_Transmission.uasset" 440
"../../../Engine/Plugins/Interchange/Runtime/Content/gltf/M_Transmission.uexp" 441
"../../../Engine/Plugins/Interchange/Runtime/Content/gltf/MaterialInstances_SG/MI_Transmission_TS.uasset" 442
"../../../Engine/Plugins/Interchange/Runtime/Content/gltf/MaterialInstances_SG/MI_Transmission_TS.uexp" 443
"../../../Engine/Plugins/Interchange/Runtime/Content/gltf/MaterialInstances_SG/MI_Transmission.uasset" 444
"../../../Engine/Plugins/Interchange/Runtime/Content/gltf/MaterialInstances_SG/MI_Transmission.uexp" 445
"../../../Engine/Plugins/Interchange/Runtime/Content/gltf/MaterialFunctions/MF_Clearcoat.uasset" 446
"../../../Engine/Plugins/Interchange/Runtime/Content/gltf/MaterialFunctions/MF_Clearcoat.uexp" 447
"../../../Engine/Plugins/Interchange/Runtime/Content/gltf/MaterialFunctions/MF_Emissive.uasset" 448
"../../../Engine/Plugins/Interchange/Runtime/Content/gltf/MaterialFunctions/MF_Emissive.uexp" 449
"../../../Engine/Plugins/Interchange/Runtime/Content/gltf/M_Translucent.uasset" 450
"../../../Engine/Plugins/Interchange/Runtime/Content/gltf/M_Translucent.uexp" 451
"../../../Engine/Plugins/Interchange/Runtime/Content/gltf/MaterialInstances_SG/MI_Translucent_TS.uasset" 452
"../../../Engine/Plugins/Interchange/Runtime/Content/gltf/MaterialInstances_SG/MI_Translucent_TS.uexp" 453
"../../../Engine/Plugins/Interchange/Runtime/Content/gltf/MaterialInstances_SG/MI_Translucent_ClearCoat_TS.uasset" 454
"../../../Engine/Plugins/Interchange/Runtime/Content/gltf/MaterialInstances_SG/MI_Translucent_ClearCoat_TS.uexp" 455
"../../../Engine/Plugins/Interchange/Runtime/Content/gltf/MaterialInstances_SG/MI_Translucent_ClearCoat.uasset" 456
"../../../Engine/Plugins/Interchange/Runtime/Content/gltf/MaterialInstances_SG/MI_Translucent_ClearCoat.uexp" 457
"../../../Engine/Plugins/Interchange/Runtime/Content/gltf/MaterialInstances_SG/MI_Translucent.uasset" 458
"../../../Engine/Plugins/Interchange/Runtime/Content/gltf/MaterialInstances_SG/MI_Translucent.uexp" 459
"../../../Engine/Plugins/Interchange/Runtime/Content/gltf/M_Opaque.uasset" 460
"../../../Engine/Plugins/Interchange/Runtime/Content/gltf/M_Opaque.uexp" 461
"../../../Engine/Plugins/Interchange/Runtime/Content/gltf/MaterialInstances_SG/MI_Opaque_TS.uasset" 462
"../../../Engine/Plugins/Interchange/Runtime/Content/gltf/MaterialInstances_SG/MI_Opaque_TS.uexp" 463
"../../../Engine/Plugins/Interchange/Runtime/Content/gltf/MaterialFunctions/MF_Sheen.uasset" 464
"../../../Engine/Plugins/Interchange/Runtime/Content/gltf/MaterialFunctions/MF_Sheen.uexp" 465
"../../../Engine/Content/Functions/Engine_MaterialFunctions01/Shading/FuzzyShading.uasset" 466
"../../../Engine/Content/Functions/Engine_MaterialFunctions01/Shading/FuzzyShading.uexp" 467
"../../../Engine/Plugins/Interchange/Runtime/Content/gltf/M_Sheen.uasset" 468
"../../../Engine/Plugins/Interchange/Runtime/Content/gltf/M_Sheen.uexp" 469
"../../../Engine/Plugins/Interchange/Runtime/Content/gltf/MaterialInstances_SG/MI_Opaque_Sheen_TS.uasset" 470
"../../../Engine/Plugins/Interchange/Runtime/Content/gltf/MaterialInstances_SG/MI_Opaque_Sheen_TS.uexp" 471
"../../../Engine/Plugins/Interchange/Runtime/Content/gltf/MaterialInstances_SG/MI_Opaque_Sheen.uasset" 472
"../../../Engine/Plugins/Interchange/Runtime/Content/gltf/MaterialInstances_SG/MI_Opaque_Sheen.uexp" 473
"../../../Engine/Plugins/Interchange/Runtime/Content/gltf/MaterialInstances_SG/MI_Opaque_ClearCoat_TS.uasset" 474
"../../../Engine/Plugins/Interchange/Runtime/Content/gltf/MaterialInstances_SG/MI_Opaque_ClearCoat_TS.uexp" 475
"../../../Engine/Plugins/Interchange/Runtime/Content/gltf/MaterialInstances_SG/MI_Opaque_ClearCoat.uasset" 476
"../../../Engine/Plugins/Interchange/Runtime/Content/gltf/MaterialInstances_SG/MI_Opaque_ClearCoat.uexp" 477
"../../../Engine/Plugins/Interchange/Runtime/Content/gltf/MaterialInstances_SG/MI_Opaque.uasset" 478
"../../../Engine/Plugins/Interchange/Runtime/Content/gltf/MaterialInstances_SG/MI_Opaque.uexp" 479
"../../../Engine/Plugins/Interchange/Runtime/Content/gltf/MaterialInstances_MR/MI_Transmission_TS.uasset" 480
"../../../Engine/Plugins/Interchange/Runtime/Content/gltf/MaterialInstances_MR/MI_Transmission_TS.uexp" 481
"../../../Engine/Plugins/Interchange/Runtime/Content/gltf/MaterialInstances_MR/MI_Transmission.uasset" 482
"../../../Engine/Plugins/Interchange/Runtime/Content/gltf/MaterialInstances_MR/MI_Transmission.uexp" 483
"../../../Engine/Plugins/Interchange/Runtime/Content/gltf/MaterialInstances_MR/MI_Translucent_TS.uasset" 484
"../../../Engine/Plugins/Interchange/Runtime/Content/gltf/MaterialInstances_MR/MI_Translucent_TS.uexp" 485
"../../../Engine/Plugins/Interchange/Runtime/Content/gltf/MaterialInstances_MR/MI_Translucent_ClearCoat_TS.uasset" 486
"../../../Engine/Plugins/Interchange/Runtime/Content/gltf/MaterialInstances_MR/MI_Translucent_ClearCoat_TS.uexp" 487
"../../../Engine/Plugins/Interchange/Runtime/Content/gltf/MaterialInstances_MR/MI_Translucent_ClearCoat.uasset" 488
"../../../Engine/Plugins/Interchange/Runtime/Content/gltf/MaterialInstances_MR/MI_Translucent_ClearCoat.uexp" 489
"../../../Engine/Plugins/Interchange/Runtime/Content/gltf/MaterialInstances_MR/MI_Translucent.uasset" 490
"../../../Engine/Plugins/Interchange/Runtime/Content/gltf/MaterialInstances_MR/MI_Translucent.uexp" 491
"../../../Engine/Plugins/Interchange/Runtime/Content/gltf/M_Unlit.uasset" 492
"../../../Engine/Plugins/Interchange/Runtime/Content/gltf/M_Unlit.uexp" 493
"../../../Engine/Plugins/Interchange/Runtime/Content/gltf/MaterialInstances_MR/MI_Opaque_Unlit_TS.uasset" 494
"../../../Engine/Plugins/Interchange/Runtime/Content/gltf/MaterialInstances_MR/MI_Opaque_Unlit_TS.uexp" 495
"../../../Engine/Plugins/Interchange/Runtime/Content/gltf/MaterialInstances_MR/MI_Opaque_Unlit.uasset" 496
"../../../Engine/Plugins/Interchange/Runtime/Content/gltf/MaterialInstances_MR/MI_Opaque_Unlit.uexp" 497
"../../../Engine/Plugins/Interchange/Runtime/Content/gltf/MaterialInstances_MR/MI_Opaque_TS.uasset" 498
"../../../Engine/Plugins/Interchange/Runtime/Content/gltf/MaterialInstances_MR/MI_Opaque_TS.uexp" 499
"../../../Engine/Plugins/Interchange/Runtime/Content/gltf/MaterialInstances_MR/MI_Opaque_Sheen_TS.uasset" 500
"../../../Engine/Plugins/Interchange/Runtime/Content/gltf/MaterialInstances_MR/MI_Opaque_Sheen_TS.uexp" 501
"../../../Engine/Plugins/Interchange/Runtime/Content/gltf/MaterialInstances_MR/MI_Opaque_Sheen.uasset" 502
"../../../Engine/Plugins/Interchange/Runtime/Content/gltf/MaterialInstances_MR/MI_Opaque_Sheen.uexp" 503
"../../../Engine/Plugins/Interchange/Runtime/Content/gltf/MaterialInstances_MR/MI_Opaque_ClearCoat_TS.uasset" 504
"../../../Engine/Plugins/Interchange/Runtime/Content/gltf/MaterialInstances_MR/MI_Opaque_ClearCoat_TS.uexp" 505
"../../../Engine/Plugins/Interchange/Runtime/Content/gltf/MaterialInstances_MR/MI_Opaque_ClearCoat.uasset" 506
"../../../Engine/Plugins/Interchange/Runtime/Content/gltf/MaterialInstances_MR/MI_Opaque_ClearCoat.uexp" 507
"../../../Engine/Plugins/Interchange/Runtime/Content/gltf/MaterialInstances_MR/MI_Opaque.uasset" 508
"../../../Engine/Plugins/Interchange/Runtime/Content/gltf/MaterialInstances_MR/MI_Opaque.uexp" 509
"../../../Engine/Content/Functions/Engine_MaterialFunctions02/Utility/VectorLength.uasset" 510
"../../../Engine/Content/Functions/Engine_MaterialFunctions02/Utility/VectorLength.uexp" 511
"../../../Engine/Content/Functions/Engine_MaterialFunctions02/WorldPositionOffset/V2/ObjectScale.uasset" 512
"../../../Engine/Content/Functions/Engine_MaterialFunctions02/WorldPositionOffset/V2/ObjectScale.uexp" 513
"../../../Engine/Content/Functions/Engine_MaterialFunctions02/ObjectLocalBounds.uasset" 514
"../../../Engine/Content/Functions/Engine_MaterialFunctions02/ObjectLocalBounds.uexp" 515
"../../../Engine/Plugins/Interchange/Runtime/Content/gltf/MaterialFunctions/MF_TransmissionOpacity.uasset" 516
"../../../Engine/Plugins/Interchange/Runtime/Content/gltf/MaterialFunctions/MF_TransmissionOpacity.uexp" 517
"../../../Engine/Plugins/Interchange/Runtime/Content/Functions/MX_Transmission.uasset" 518
"../../../Engine/Plugins/Interchange/Runtime/Content/Functions/MX_Transmission.uexp" 519
"../../../Engine/Plugins/Interchange/Runtime/Content/Functions/MX_StandardSurface.uasset" 520
"../../../Engine/Plugins/Interchange/Runtime/Content/Functions/MX_StandardSurface.uexp" 521
"../../../Engine/Plugins/Interchange/Runtime/Content/Functions/MX_TransmissionSurface.uasset" 522
"../../../Engine/Plugins/Interchange/Runtime/Content/Functions/MX_TransmissionSurface.uexp" 523
"../../../Engine/Plugins/Editor/SpeedTreeImporter/Content/SpeedTree9/game_wind_noise.ubulk" 524
"../../../Engine/Plugins/Editor/SpeedTreeImporter/Content/SpeedTree9/game_wind_noise.uasset" 525
"../../../Engine/Plugins/Editor/SpeedTreeImporter/Content/SpeedTree9/game_wind_noise.uexp" 526
"../../../Engine/Plugins/Editor/SpeedTreeImporter/Content/SpeedTree9/UnpackDirection.uasset" 527
"../../../Engine/Plugins/Editor/SpeedTreeImporter/Content/SpeedTree9/UnpackDirection.uexp" 528
"../../../Engine/Content/Functions/Engine_MaterialFunctions02/UVs/BoundingBoxBased_0-1_UVW.uasset" 529
"../../../Engine/Content/Functions/Engine_MaterialFunctions02/UVs/BoundingBoxBased_0-1_UVW.uexp" 530
"../../../Engine/Plugins/Editor/SpeedTreeImporter/Content/SpeedTree9/UnpackInteger3.uasset" 531
"../../../Engine/Plugins/Editor/SpeedTreeImporter/Content/SpeedTree9/UnpackInteger3.uexp" 532
"../../../Engine/Plugins/Editor/SpeedTreeImporter/Content/SpeedTree9/SpeedTreeCameraFacing.uasset" 533
"../../../Engine/Plugins/Editor/SpeedTreeImporter/Content/SpeedTree9/SpeedTreeCameraFacing.uexp" 534
"../../../Engine/Content/Functions/Engine_MaterialFunctions02/WorldPositionOffset/ObjectScale.uasset" 535
"../../../Engine/Content/Functions/Engine_MaterialFunctions02/WorldPositionOffset/ObjectScale.uexp" 536
"../../../Engine/Content/Functions/Engine_MaterialFunctions02/SafeNormalize.uasset" 537
"../../../Engine/Content/Functions/Engine_MaterialFunctions02/SafeNormalize.uexp" 538
"../../../Engine/Plugins/Editor/SpeedTreeImporter/Content/SpeedTree9/SpeedTreeWindMotion.uasset" 539
"../../../Engine/Plugins/Editor/SpeedTreeImporter/Content/SpeedTree9/SpeedTreeWindMotion.uexp" 540
"../../../Engine/Plugins/Editor/SpeedTreeImporter/Content/SpeedTree9/SpeedTreeBranchMotion.uasset" 541
"../../../Engine/Plugins/Editor/SpeedTreeImporter/Content/SpeedTree9/SpeedTreeBranchMotion.uexp" 542
"../../../Engine/Plugins/Editor/SpeedTreeImporter/Content/SpeedTree9/SpeedTreeWind.uasset" 543
"../../../Engine/Plugins/Editor/SpeedTreeImporter/Content/SpeedTree9/SpeedTreeWind.uexp" 544
"../../../Engine/Plugins/Editor/SpeedTreeImporter/Content/SpeedTree9/EmptyNormal.uasset" 545
"../../../Engine/Plugins/Editor/SpeedTreeImporter/Content/SpeedTree9/EmptyNormal.uexp" 546
"../../../Engine/Plugins/Editor/SpeedTreeImporter/Content/SpeedTree9/Empty.uasset" 547
"../../../Engine/Plugins/Editor/SpeedTreeImporter/Content/SpeedTree9/Empty.uexp" 548
"../../../Engine/Plugins/Editor/SpeedTreeImporter/Content/SpeedTree9/SpeedTreeMaster.uasset" 549
"../../../Engine/Plugins/Editor/SpeedTreeImporter/Content/SpeedTree9/SpeedTreeMaster.uexp" 550
"../../../Engine/Plugins/Editor/SpeedTreeImporter/Content/SpeedTree9/SpeedTreeBillboard.uasset" 551
"../../../Engine/Plugins/Editor/SpeedTreeImporter/Content/SpeedTree9/SpeedTreeBillboard.uexp" 552
"../../../Engine/Plugins/Editor/SpeedTreeImporter/Content/SpeedTree9/SpeedTreeBillboardMaster.uasset" 553
"../../../Engine/Plugins/Editor/SpeedTreeImporter/Content/SpeedTree9/SpeedTreeBillboardMaster.uexp" 554
"../../../Engine/Plugins/Animation/ControlRig/Content/M_Manip.uasset" 555
"../../../Engine/Plugins/Animation/ControlRig/Content/M_Manip.uexp" 556
"../../../Engine/Plugins/Animation/ControlRig/Content/Controls/DefaultGizmoLibraryNormalized.uasset" 557
"../../../Engine/Plugins/Animation/ControlRig/Content/Controls/DefaultGizmoLibraryNormalized.uexp" 558
"../../../Engine/Plugins/Animation/ControlRig/Content/Controls/ControlRig_Wedge_solid.ubulk" 559
"../../../Engine/Plugins/Animation/ControlRig/Content/Controls/ControlRig_Wedge_solid.uasset" 560
"../../../Engine/Plugins/Animation/ControlRig/Content/Controls/ControlRig_Wedge_solid.uexp" 561
"../../../Engine/Plugins/Animation/ControlRig/Content/Controls/ControlRig_Wedge_3mm.ubulk" 562
"../../../Engine/Plugins/Animation/ControlRig/Content/Controls/ControlRig_Wedge_3mm.uasset" 563
"../../../Engine/Plugins/Animation/ControlRig/Content/Controls/ControlRig_Wedge_3mm.uexp" 564
"../../../Engine/Plugins/Animation/ControlRig/Content/Controls/ControlRig_Wedge_1mm.ubulk" 565
"../../../Engine/Plugins/Animation/ControlRig/Content/Controls/ControlRig_Wedge_1mm.uasset" 566
"../../../Engine/Plugins/Animation/ControlRig/Content/Controls/ControlRig_Wedge_1mm.uexp" 567
"../../../Engine/Plugins/Animation/ControlRig/Content/Controls/ControlRig_Triangle_solid.ubulk" 568
"../../../Engine/Plugins/Animation/ControlRig/Content/Controls/ControlRig_Triangle_solid.uasset" 569
"../../../Engine/Plugins/Animation/ControlRig/Content/Controls/ControlRig_Triangle_solid.uexp" 570
"../../../Engine/Plugins/Animation/ControlRig/Content/Controls/ControlRig_Triangle_3mm.ubulk" 571
"../../../Engine/Plugins/Animation/ControlRig/Content/Controls/ControlRig_Triangle_3mm.uasset" 572
"../../../Engine/Plugins/Animation/ControlRig/Content/Controls/ControlRig_Triangle_3mm.uexp" 573
"../../../Engine/Plugins/Animation/ControlRig/Content/Controls/ControlRig_Triangle_1mm.ubulk" 574
"../../../Engine/Plugins/Animation/ControlRig/Content/Controls/ControlRig_Triangle_1mm.uasset" 575
"../../../Engine/Plugins/Animation/ControlRig/Content/Controls/ControlRig_Triangle_1mm.uexp" 576
"../../../Engine/Plugins/Animation/ControlRig/Content/Controls/ControlRig_Star4_solid.ubulk" 577
"../../../Engine/Plugins/Animation/ControlRig/Content/Controls/ControlRig_Star4_solid.uasset" 578
"../../../Engine/Plugins/Animation/ControlRig/Content/Controls/ControlRig_Star4_solid.uexp" 579
"../../../Engine/Plugins/Animation/ControlRig/Content/Controls/ControlRig_Star4_3mm.ubulk" 580
"../../../Engine/Plugins/Animation/ControlRig/Content/Controls/ControlRig_Star4_3mm.uasset" 581
"../../../Engine/Plugins/Animation/ControlRig/Content/Controls/ControlRig_Star4_3mm.uexp" 582
"../../../Engine/Plugins/Animation/ControlRig/Content/Controls/ControlRig_Star4_1mm.ubulk" 583
"../../../Engine/Plugins/Animation/ControlRig/Content/Controls/ControlRig_Star4_1mm.uasset" 584
"../../../Engine/Plugins/Animation/ControlRig/Content/Controls/ControlRig_Star4_1mm.uexp" 585
"../../../Engine/Plugins/Animation/ControlRig/Content/Controls/ControlRig_Square_solid.ubulk" 586
"../../../Engine/Plugins/Animation/ControlRig/Content/Controls/ControlRig_Square_solid.uasset" 587
"../../../Engine/Plugins/Animation/ControlRig/Content/Controls/ControlRig_Square_solid.uexp" 588
"../../../Engine/Plugins/Animation/ControlRig/Content/Controls/ControlRig_Square_3mm.ubulk" 589
"../../../Engine/Plugins/Animation/ControlRig/Content/Controls/ControlRig_Square_3mm.uasset" 590
"../../../Engine/Plugins/Animation/ControlRig/Content/Controls/ControlRig_Square_3mm.uexp" 591
"../../../Engine/Plugins/Animation/ControlRig/Content/Controls/ControlRig_Square_1mm.ubulk" 592
"../../../Engine/Plugins/Animation/ControlRig/Content/Controls/ControlRig_Square_1mm.uasset" 593
"../../../Engine/Plugins/Animation/ControlRig/Content/Controls/ControlRig_Square_1mm.uexp" 594
"../../../Engine/Plugins/Animation/ControlRig/Content/Controls/ControlRig_Sphere_solid.ubulk" 595
"../../../Engine/Plugins/Animation/ControlRig/Content/Controls/ControlRig_Sphere_solid.uasset" 596
"../../../Engine/Plugins/Animation/ControlRig/Content/Controls/ControlRig_Sphere_solid.uexp" 597
"../../../Engine/Plugins/Animation/ControlRig/Content/Controls/ControlRig_Sphere_3mm.ubulk" 598
"../../../Engine/Plugins/Animation/ControlRig/Content/Controls/ControlRig_Sphere_3mm.uasset" 599
"../../../Engine/Plugins/Animation/ControlRig/Content/Controls/ControlRig_Sphere_3mm.uexp" 600
"../../../Engine/Plugins/Animation/ControlRig/Content/Controls/ControlRig_Sphere_1mm.ubulk" 601
"../../../Engine/Plugins/Animation/ControlRig/Content/Controls/ControlRig_Sphere_1mm.uasset" 602
"../../../Engine/Plugins/Animation/ControlRig/Content/Controls/ControlRig_Sphere_1mm.uexp" 603
"../../../Engine/Plugins/Animation/ControlRig/Content/Controls/ControlRig_RoundedTriangle_solid.ubulk" 604
"../../../Engine/Plugins/Animation/ControlRig/Content/Controls/ControlRig_RoundedTriangle_solid.uasset" 605
"../../../Engine/Plugins/Animation/ControlRig/Content/Controls/ControlRig_RoundedTriangle_solid.uexp" 606
"../../../Engine/Plugins/Animation/ControlRig/Content/Controls/ControlRig_RoundedTriangle_3mm.ubulk" 607
"../../../Engine/Plugins/Animation/ControlRig/Content/Controls/ControlRig_RoundedTriangle_3mm.uasset" 608
"../../../Engine/Plugins/Animation/ControlRig/Content/Controls/ControlRig_RoundedTriangle_3mm.uexp" 609
"../../../Engine/Plugins/Animation/ControlRig/Content/Controls/ControlRig_RoundedTriangle_1mm.ubulk" 610
"../../../Engine/Plugins/Animation/ControlRig/Content/Controls/ControlRig_RoundedTriangle_1mm.uasset" 611
"../../../Engine/Plugins/Animation/ControlRig/Content/Controls/ControlRig_RoundedTriangle_1mm.uexp" 612
"../../../Engine/Plugins/Animation/ControlRig/Content/Controls/ControlRig_RoundedSquare_solid.ubulk" 613
"../../../Engine/Plugins/Animation/ControlRig/Content/Controls/ControlRig_RoundedSquare_solid.uasset" 614
"../../../Engine/Plugins/Animation/ControlRig/Content/Controls/ControlRig_RoundedSquare_solid.uexp" 615
"../../../Engine/Plugins/Animation/ControlRig/Content/Controls/ControlRig_RoundedSquare_3mm.ubulk" 616
"../../../Engine/Plugins/Animation/ControlRig/Content/Controls/ControlRig_RoundedSquare_3mm.uasset" 617
"../../../Engine/Plugins/Animation/ControlRig/Content/Controls/ControlRig_RoundedSquare_3mm.uexp" 618
"../../../Engine/Plugins/Animation/ControlRig/Content/Controls/ControlRig_RoundedSquare_1mm.ubulk" 619
"../../../Engine/Plugins/Animation/ControlRig/Content/Controls/ControlRig_RoundedSquare_1mm.uasset" 620
"../../../Engine/Plugins/Animation/ControlRig/Content/Controls/ControlRig_RoundedSquare_1mm.uexp" 621
"../../../Engine/Plugins/Animation/ControlRig/Content/Controls/ControlRig_QuarterCircle_solid.ubulk" 622
"../../../Engine/Plugins/Animation/ControlRig/Content/Controls/ControlRig_QuarterCircle_solid.uasset" 623
"../../../Engine/Plugins/Animation/ControlRig/Content/Controls/ControlRig_QuarterCircle_solid.uexp" 624
"../../../Engine/Plugins/Animation/ControlRig/Content/Controls/ControlRig_QuarterCircle_3mm.ubulk" 625
"../../../Engine/Plugins/Animation/ControlRig/Content/Controls/ControlRig_QuarterCircle_3mm.uasset" 626
"../../../Engine/Plugins/Animation/ControlRig/Content/Controls/ControlRig_QuarterCircle_3mm.uexp" 627
"../../../Engine/Plugins/Animation/ControlRig/Content/Controls/ControlRig_QuarterCircle_1mm.ubulk" 628
"../../../Engine/Plugins/Animation/ControlRig/Content/Controls/ControlRig_QuarterCircle_1mm.uasset" 629
"../../../Engine/Plugins/Animation/ControlRig/Content/Controls/ControlRig_QuarterCircle_1mm.uexp" 630
"../../../Engine/Plugins/Animation/ControlRig/Content/Controls/ControlRig_Pyramid_solid.ubulk" 631
"../../../Engine/Plugins/Animation/ControlRig/Content/Controls/ControlRig_Pyramid_solid.uasset" 632
"../../../Engine/Plugins/Animation/ControlRig/Content/Controls/ControlRig_Pyramid_solid.uexp" 633
"../../../Engine/Plugins/Animation/ControlRig/Content/Controls/ControlRig_Pyramid_3mm.ubulk" 634
"../../../Engine/Plugins/Animation/ControlRig/Content/Controls/ControlRig_Pyramid_3mm.uasset" 635
"../../../Engine/Plugins/Animation/ControlRig/Content/Controls/ControlRig_Pyramid_3mm.uexp" 636
"../../../Engine/Plugins/Animation/ControlRig/Content/Controls/ControlRig_Pyramid_1mm.ubulk" 637
"../../../Engine/Plugins/Animation/ControlRig/Content/Controls/ControlRig_Pyramid_1mm.uasset" 638
"../../../Engine/Plugins/Animation/ControlRig/Content/Controls/ControlRig_Pyramid_1mm.uexp" 639
"../../../Engine/Plugins/Animation/ControlRig/Content/Controls/ControlRig_Octagon_solid.ubulk" 640
"../../../Engine/Plugins/Animation/ControlRig/Content/Controls/ControlRig_Octagon_solid.uasset" 641
"../../../Engine/Plugins/Animation/ControlRig/Content/Controls/ControlRig_Octagon_solid.uexp" 642
"../../../Engine/Plugins/Animation/ControlRig/Content/Controls/ControlRig_Octagon_3mm.ubulk" 643
"../../../Engine/Plugins/Animation/ControlRig/Content/Controls/ControlRig_Octagon_3mm.uasset" 644
"../../../Engine/Plugins/Animation/ControlRig/Content/Controls/ControlRig_Octagon_3mm.uexp" 645
"../../../Engine/Plugins/Animation/ControlRig/Content/Controls/ControlRig_Octagon_1mm.ubulk" 646
"../../../Engine/Plugins/Animation/ControlRig/Content/Controls/ControlRig_Octagon_1mm.uasset" 647
"../../../Engine/Plugins/Animation/ControlRig/Content/Controls/ControlRig_Octagon_1mm.uexp" 648
"../../../Engine/Plugins/Animation/ControlRig/Content/Controls/ControlRig_Hexagon_solid.ubulk" 649
"../../../Engine/Plugins/Animation/ControlRig/Content/Controls/ControlRig_Hexagon_solid.uasset" 650
"../../../Engine/Plugins/Animation/ControlRig/Content/Controls/ControlRig_Hexagon_solid.uexp" 651
"../../../Engine/Plugins/Animation/ControlRig/Content/Controls/ControlRig_Hexagon_3mm.ubulk" 652
"../../../Engine/Plugins/Animation/ControlRig/Content/Controls/ControlRig_Hexagon_3mm.uasset" 653
"../../../Engine/Plugins/Animation/ControlRig/Content/Controls/ControlRig_Hexagon_3mm.uexp" 654
"../../../Engine/Plugins/Animation/ControlRig/Content/Controls/ControlRig_Hexagon_1mm.ubulk" 655
"../../../Engine/Plugins/Animation/ControlRig/Content/Controls/ControlRig_Hexagon_1mm.uasset" 656
"../../../Engine/Plugins/Animation/ControlRig/Content/Controls/ControlRig_Hexagon_1mm.uexp" 657
"../../../Engine/Plugins/Animation/ControlRig/Content/Controls/ControlRig_HalfCircle_solid.ubulk" 658
"../../../Engine/Plugins/Animation/ControlRig/Content/Controls/ControlRig_HalfCircle_solid.uasset" 659
"../../../Engine/Plugins/Animation/ControlRig/Content/Controls/ControlRig_HalfCircle_solid.uexp" 660
"../../../Engine/Plugins/Animation/ControlRig/Content/Controls/ControlRig_HalfCircle_3mm.ubulk" 661
"../../../Engine/Plugins/Animation/ControlRig/Content/Controls/ControlRig_HalfCircle_3mm.uasset" 662
"../../../Engine/Plugins/Animation/ControlRig/Content/Controls/ControlRig_HalfCircle_3mm.uexp" 663
"../../../Engine/Plugins/Animation/ControlRig/Content/Controls/ControlRig_HalfCircle_1mm.ubulk" 664
"../../../Engine/Plugins/Animation/ControlRig/Content/Controls/ControlRig_HalfCircle_1mm.uasset" 665
"../../../Engine/Plugins/Animation/ControlRig/Content/Controls/ControlRig_HalfCircle_1mm.uexp" 666
"../../../Engine/Plugins/Animation/ControlRig/Content/Controls/ControlRig_Diamond_solid.ubulk" 667
"../../../Engine/Plugins/Animation/ControlRig/Content/Controls/ControlRig_Diamond_solid.uasset" 668
"../../../Engine/Plugins/Animation/ControlRig/Content/Controls/ControlRig_Diamond_solid.uexp" 669
"../../../Engine/Plugins/Animation/ControlRig/Content/Controls/ControlRig_Diamond_3mm.ubulk" 670
"../../../Engine/Plugins/Animation/ControlRig/Content/Controls/ControlRig_Diamond_3mm.uasset" 671
"../../../Engine/Plugins/Animation/ControlRig/Content/Controls/ControlRig_Diamond_3mm.uexp" 672
"../../../Engine/Plugins/Animation/ControlRig/Content/Controls/ControlRig_Diamond_1mm.ubulk" 673
"../../../Engine/Plugins/Animation/ControlRig/Content/Controls/ControlRig_Diamond_1mm.uasset" 674
"../../../Engine/Plugins/Animation/ControlRig/Content/Controls/ControlRig_Diamond_1mm.uexp" 675
"../../../Engine/Plugins/Animation/ControlRig/Content/Controls/ControlRig_Circle_solid.ubulk" 676
"../../../Engine/Plugins/Animation/ControlRig/Content/Controls/ControlRig_Circle_solid.uasset" 677
"../../../Engine/Plugins/Animation/ControlRig/Content/Controls/ControlRig_Circle_solid.uexp" 678
"../../../Engine/Plugins/Animation/ControlRig/Content/Controls/ControlRig_Circle_3mm.ubulk" 679
"../../../Engine/Plugins/Animation/ControlRig/Content/Controls/ControlRig_Circle_3mm.uasset" 680
"../../../Engine/Plugins/Animation/ControlRig/Content/Controls/ControlRig_Circle_3mm.uexp" 681
"../../../Engine/Plugins/Animation/ControlRig/Content/Controls/ControlRig_Circle_1mm.ubulk" 682
"../../../Engine/Plugins/Animation/ControlRig/Content/Controls/ControlRig_Circle_1mm.uasset" 683
"../../../Engine/Plugins/Animation/ControlRig/Content/Controls/ControlRig_Circle_1mm.uexp" 684
"../../../Engine/Plugins/Animation/ControlRig/Content/Controls/ControlRig_Box_solid.ubulk" 685
"../../../Engine/Plugins/Animation/ControlRig/Content/Controls/ControlRig_Box_solid.uasset" 686
"../../../Engine/Plugins/Animation/ControlRig/Content/Controls/ControlRig_Box_solid.uexp" 687
"../../../Engine/Plugins/Animation/ControlRig/Content/Controls/ControlRig_Box_3mm.ubulk" 688
"../../../Engine/Plugins/Animation/ControlRig/Content/Controls/ControlRig_Box_3mm.uasset" 689
"../../../Engine/Plugins/Animation/ControlRig/Content/Controls/ControlRig_Box_3mm.uexp" 690
"../../../Engine/Plugins/Animation/ControlRig/Content/Controls/ControlRig_Box_1mm.ubulk" 691
"../../../Engine/Plugins/Animation/ControlRig/Content/Controls/ControlRig_Box_1mm.uasset" 692
"../../../Engine/Plugins/Animation/ControlRig/Content/Controls/ControlRig_Box_1mm.uexp" 693
"../../../Engine/Plugins/Animation/ControlRig/Content/Controls/ControlRig_Arrow_solid.ubulk" 694
"../../../Engine/Plugins/Animation/ControlRig/Content/Controls/ControlRig_Arrow_solid.uasset" 695
"../../../Engine/Plugins/Animation/ControlRig/Content/Controls/ControlRig_Arrow_solid.uexp" 696
"../../../Engine/Plugins/Animation/ControlRig/Content/Controls/ControlRig_Arrow_3mm.ubulk" 697
"../../../Engine/Plugins/Animation/ControlRig/Content/Controls/ControlRig_Arrow_3mm.uasset" 698
"../../../Engine/Plugins/Animation/ControlRig/Content/Controls/ControlRig_Arrow_3mm.uexp" 699
"../../../Engine/Plugins/Animation/ControlRig/Content/Controls/ControlRig_Arrow_1mm.ubulk" 700
"../../../Engine/Plugins/Animation/ControlRig/Content/Controls/ControlRig_Arrow_1mm.uasset" 701
"../../../Engine/Plugins/Animation/ControlRig/Content/Controls/ControlRig_Arrow_1mm.uexp" 702
"../../../Engine/Plugins/Animation/ControlRig/Content/Controls/ControlRig_Arrow4_solid.ubulk" 703
"../../../Engine/Plugins/Animation/ControlRig/Content/Controls/ControlRig_Arrow4_solid.uasset" 704
"../../../Engine/Plugins/Animation/ControlRig/Content/Controls/ControlRig_Arrow4_solid.uexp" 705
"../../../Engine/Plugins/Animation/ControlRig/Content/Controls/ControlRig_Arrow4_3mm.ubulk" 706
"../../../Engine/Plugins/Animation/ControlRig/Content/Controls/ControlRig_Arrow4_3mm.uasset" 707
"../../../Engine/Plugins/Animation/ControlRig/Content/Controls/ControlRig_Arrow4_3mm.uexp" 708
"../../../Engine/Plugins/Animation/ControlRig/Content/Controls/ControlRig_Arrow4_1mm.ubulk" 709
"../../../Engine/Plugins/Animation/ControlRig/Content/Controls/ControlRig_Arrow4_1mm.uasset" 710
"../../../Engine/Plugins/Animation/ControlRig/Content/Controls/ControlRig_Arrow4_1mm.uexp" 711
"../../../Engine/Plugins/Animation/ControlRig/Content/Controls/ControlRig_Arrow2_solid.ubulk" 712
"../../../Engine/Plugins/Animation/ControlRig/Content/Controls/ControlRig_Arrow2_solid.uasset" 713
"../../../Engine/Plugins/Animation/ControlRig/Content/Controls/ControlRig_Arrow2_solid.uexp" 714
"../../../Engine/Plugins/Animation/ControlRig/Content/Controls/ControlRig_Arrow2_3mm.ubulk" 715
"../../../Engine/Plugins/Animation/ControlRig/Content/Controls/ControlRig_Arrow2_3mm.uasset" 716
"../../../Engine/Plugins/Animation/ControlRig/Content/Controls/ControlRig_Arrow2_3mm.uexp" 717
"../../../Engine/Plugins/Animation/ControlRig/Content/Controls/ControlRig_Arrow2_1mm.ubulk" 718
"../../../Engine/Plugins/Animation/ControlRig/Content/Controls/ControlRig_Arrow2_1mm.uasset" 719
"../../../Engine/Plugins/Animation/ControlRig/Content/Controls/ControlRig_Arrow2_1mm.uexp" 720
"../../../Engine/Plugins/Animation/ControlRig/Content/Controls/ControlRigXRayMaterial.uasset" 721
"../../../Engine/Plugins/Animation/ControlRig/Content/Controls/ControlRigXRayMaterial.uexp" 722
"../../../Engine/Plugins/Animation/ControlRig/Content/Controls/ControlRigGizmoMaterial.uasset" 723
"../../../Engine/Plugins/Animation/ControlRig/Content/Controls/ControlRigGizmoMaterial.uexp" 724
"../../../Engine/Plugins/2D/Paper2D/Content/PlaceholderTextures/DummySpriteTexture.ubulk" 725
"../../../Engine/Plugins/2D/Paper2D/Content/PlaceholderTextures/DummySpriteTexture.uasset" 726
"../../../Engine/Plugins/2D/Paper2D/Content/PlaceholderTextures/DummySpriteTexture.uexp" 727
"../../../Engine/Plugins/2D/Paper2D/Content/DefaultSpriteMaterial.uasset" 728
"../../../Engine/Plugins/2D/Paper2D/Content/DefaultSpriteMaterial.uexp" 729
"../../../Engine/Plugins/2D/Paper2D/Content/OpaqueUnlitSpriteMaterial.uasset" 730
"../../../Engine/Plugins/2D/Paper2D/Content/OpaqueUnlitSpriteMaterial.uexp" 731
"../../../Engine/Plugins/2D/Paper2D/Content/MaskedUnlitSpriteMaterial.uasset" 732
"../../../Engine/Plugins/2D/Paper2D/Content/MaskedUnlitSpriteMaterial.uexp" 733
"../../../Engine/Plugins/2D/Paper2D/Content/DummySprite.uasset" 734
"../../../Engine/Plugins/2D/Paper2D/Content/DummySprite.uexp" 735
"../../../Engine/Plugins/2D/Paper2D/Content/DefaultPaperTerrainMaterial.uasset" 736
"../../../Engine/Plugins/2D/Paper2D/Content/DefaultPaperTerrainMaterial.uexp" 737
"../../../Engine/Content/Maps/Entry_BuiltData.uasset" 738
"../../../Engine/Content/Maps/Entry_BuiltData.uexp" 739
"../../../Engine/Content/Maps/Entry.uexp" 740
"../../../Engine/Content/Maps/Entry.umap" 741
"F:/Unreal Projects/RAPTOR/Content/Maps/TransitionMap.uexp" 742
"F:/Unreal Projects/RAPTOR/Content/Maps/TransitionMap.umap" 743
"../../../Engine/Content/EngineMaterials/BlendFunc_DefBlend.uasset" 744
"../../../Engine/Content/EngineMaterials/BlendFunc_DefBlend.uexp" 745
"../../../Engine/Content/EngineMaterials/BlendFunc_DefBase.uasset" 746
"../../../Engine/Content/EngineMaterials/BlendFunc_DefBase.uexp" 747
"../../../Engine/Content/Functions/Engine_MaterialFunctions03/Blends/Blend_Overlay.uasset" 748
"../../../Engine/Content/Functions/Engine_MaterialFunctions03/Blends/Blend_Overlay.uexp" 749
"../../../Engine/Content/OpenWorldTemplate/LandscapeMaterial/T_GridChecker_A.ubulk" 750
"../../../Engine/Content/OpenWorldTemplate/LandscapeMaterial/T_GridChecker_A.uasset" 751
"../../../Engine/Content/OpenWorldTemplate/LandscapeMaterial/T_GridChecker_A.uexp" 752
"../../../Engine/Content/Functions/Engine_MaterialFunctions01/Gradient/LinearGradient.uasset" 753
"../../../Engine/Content/Functions/Engine_MaterialFunctions01/Gradient/LinearGradient.uexp" 754
"../../../Engine/Content/Functions/Engine_MaterialFunctions01/ImageAdjustment/CheapContrast.uasset" 755
"../../../Engine/Content/Functions/Engine_MaterialFunctions01/ImageAdjustment/CheapContrast.uexp" 756
"../../../Engine/Content/OpenWorldTemplate/LandscapeMaterial/MF_ProcGrid.uasset" 757
"../../../Engine/Content/OpenWorldTemplate/LandscapeMaterial/MF_ProcGrid.uexp" 758
"../../../Engine/Content/OpenWorldTemplate/LandscapeMaterial/M_ProcGrid.uasset" 759
"../../../Engine/Content/OpenWorldTemplate/LandscapeMaterial/M_ProcGrid.uexp" 760
"../../../Engine/Content/OpenWorldTemplate/LandscapeMaterial/MI_ProcGrid.uasset" 761
"../../../Engine/Content/OpenWorldTemplate/LandscapeMaterial/MI_ProcGrid.uexp" 762
"../../../Engine/Content/EngineSky/T_Sky_Stars.ubulk" 763
"../../../Engine/Content/EngineSky/T_Sky_Stars.uasset" 764
"../../../Engine/Content/EngineSky/T_Sky_Stars.uexp" 765
"../../../Engine/Content/EngineSky/T_Sky_Clouds_M.ubulk" 766
"../../../Engine/Content/EngineSky/T_Sky_Clouds_M.uasset" 767
"../../../Engine/Content/EngineSky/T_Sky_Clouds_M.uexp" 768
"../../../Engine/Content/EngineSky/T_Sky_Blue.ubulk" 769
"../../../Engine/Content/EngineSky/T_Sky_Blue.uasset" 770
"../../../Engine/Content/EngineSky/T_Sky_Blue.uexp" 771
"../../../Engine/Content/EngineSky/M_Sky_Panning_Clouds2.uasset" 772
"../../../Engine/Content/EngineSky/M_Sky_Panning_Clouds2.uexp" 773
"../../../Engine/Content/EngineSky/SM_SkySphere.ubulk" 774
"../../../Engine/Content/EngineSky/SM_SkySphere.uasset" 775
"../../../Engine/Content/EngineSky/SM_SkySphere.uexp" 776
"F:/Unreal Projects/RAPTOR/Plugins/MultiplayerSessions/Content/WBP_Menu.uasset" 777
"F:/Unreal Projects/RAPTOR/Plugins/MultiplayerSessions/Content/WBP_Menu.uexp" 778
"../../../Engine/Content/MapTemplates/SM_Template_Map_Floor.ubulk" 779
"../../../Engine/Content/MapTemplates/SM_Template_Map_Floor.uasset" 780
"../../../Engine/Content/MapTemplates/SM_Template_Map_Floor.uexp" 781
"../../../Engine/Content/EngineSky/M_SimpleSkyDome.uasset" 782
"../../../Engine/Content/EngineSky/M_SimpleSkyDome.uexp" 783
"F:/Unreal Projects/RAPTOR/Content/Maps/Startup.uexp" 784
"F:/Unreal Projects/RAPTOR/Content/Maps/Startup.umap" 785
"F:/Unreal Projects/RAPTOR/Content/StackOBot/Environment/Materials/MPC_DataSet.uasset" 786
"F:/Unreal Projects/RAPTOR/Content/StackOBot/Environment/Materials/MPC_DataSet.uexp" 787
"F:/Unreal Projects/RAPTOR/Content/StackOBot/Environment/Foilage/Materials/MF_RotateAwayPoint.uasset" 788
"F:/Unreal Projects/RAPTOR/Content/StackOBot/Environment/Foilage/Materials/MF_RotateAwayPoint.uexp" 789
"../../../Engine/Content/Functions/Engine_MaterialFunctions03/Texturing/TwoSidedTexturing.uasset" 790
"../../../Engine/Content/Functions/Engine_MaterialFunctions03/Texturing/TwoSidedTexturing.uexp" 791
"F:/Unreal Projects/RAPTOR/Content/StackOBot/Environment/Foilage/Textures/Wind.ubulk" 792
"F:/Unreal Projects/RAPTOR/Content/StackOBot/Environment/Foilage/Textures/Wind.uasset" 793
"F:/Unreal Projects/RAPTOR/Content/StackOBot/Environment/Foilage/Textures/Wind.uexp" 794
"F:/Unreal Projects/RAPTOR/Content/StackOBot/Environment/Foilage/Materials/MF_TreeWind.uasset" 795
"F:/Unreal Projects/RAPTOR/Content/StackOBot/Environment/Foilage/Materials/MF_TreeWind.uexp" 796
"../../../Engine/Content/EngineMaterials/Good64x64TilingNoiseHighFreq.uasset" 797
"../../../Engine/Content/EngineMaterials/Good64x64TilingNoiseHighFreq.uexp" 798
"../../../Engine/Content/Functions/Engine_MaterialFunctions02/Utility/DitherTemporalAA.uasset" 799
"../../../Engine/Content/Functions/Engine_MaterialFunctions02/Utility/DitherTemporalAA.uexp" 800
"F:/Unreal Projects/RAPTOR/Content/StackOBot/Environment/Foilage/Materials/M_TreeBase.uasset" 801
"F:/Unreal Projects/RAPTOR/Content/StackOBot/Environment/Foilage/Materials/M_TreeBase.uexp" 802
"F:/Unreal Projects/RAPTOR/Content/LearningKit_Games/Blueprints/PlayerCharacter/BPI_LearningKit_PlayerInteractions.uasset" 803
"F:/Unreal Projects/RAPTOR/Content/LearningKit_Games/Blueprints/PlayerCharacter/BPI_LearningKit_PlayerInteractions.uexp" 804
"../../../Engine/Content/Functions/Engine_MaterialFunctions02/ExampleContent/Textures/LowResBlurredNoise.uasset" 805
"../../../Engine/Content/Functions/Engine_MaterialFunctions02/ExampleContent/Textures/LowResBlurredNoise.uexp" 806
"F:/Unreal Projects/RAPTOR/Content/LearningKit_Games/Assets/Characters/Character/Texture/T_EpicCharacter_BCE.ubulk" 807
"F:/Unreal Projects/RAPTOR/Content/LearningKit_Games/Assets/Characters/Character/Texture/T_EpicCharacter_BCE.uasset" 808
"F:/Unreal Projects/RAPTOR/Content/LearningKit_Games/Assets/Characters/Character/Texture/T_EpicCharacter_BCE.uexp" 809
"F:/Unreal Projects/RAPTOR/Content/LearningKit_Games/Assets/Characters/Character/Texture/T_EpicCharacter_ARM.ubulk" 810
"F:/Unreal Projects/RAPTOR/Content/LearningKit_Games/Assets/Characters/Character/Texture/T_EpicCharacter_ARM.uasset" 811
"F:/Unreal Projects/RAPTOR/Content/LearningKit_Games/Assets/Characters/Character/Texture/T_EpicCharacter_ARM.uexp" 812
"F:/Unreal Projects/RAPTOR/Content/LearningKit_Games/Assets/Characters/Character/Texture/T_EpicCharacter_Colors.ubulk" 813
"F:/Unreal Projects/RAPTOR/Content/LearningKit_Games/Assets/Characters/Character/Texture/T_EpicCharacter_Colors.uasset" 814
"F:/Unreal Projects/RAPTOR/Content/LearningKit_Games/Assets/Characters/Character/Texture/T_EpicCharacter_Colors.uexp" 815
"F:/Unreal Projects/RAPTOR/Content/LearningKit_Games/Assets/Characters/Character/Material/M_EpicCharacter_Optimized.uasset" 816
"F:/Unreal Projects/RAPTOR/Content/LearningKit_Games/Assets/Characters/Character/Material/M_EpicCharacter_Optimized.uexp" 817
"F:/Unreal Projects/RAPTOR/Content/LearningKit_Games/Assets/Characters/Character/Mesh/SK_EpicCharacter_Optimized_LODSettings.uasset" 818
"F:/Unreal Projects/RAPTOR/Content/LearningKit_Games/Assets/Characters/Character/Mesh/SK_EpicCharacter_Optimized_LODSettings.uexp" 819
"../../../Engine/Content/EngineMeshes/Humanoid.uasset" 820
"../../../Engine/Content/EngineMeshes/Humanoid.uexp" 821
"F:/Unreal Projects/RAPTOR/Content/LearningKit_Games/Assets/Characters/Character/Mesh/SK_EpicCharacter_Skeleton.uasset" 822
"F:/Unreal Projects/RAPTOR/Content/LearningKit_Games/Assets/Characters/Character/Mesh/SK_EpicCharacter_Skeleton.uexp" 823
"F:/Unreal Projects/RAPTOR/Content/LearningKit_Games/Assets/Characters/Character/Mesh/SK_EpicCharacter_Optimized.uasset" 824
"F:/Unreal Projects/RAPTOR/Content/LearningKit_Games/Assets/Characters/Character/Mesh/SK_EpicCharacter_Optimized.uexp" 825
"F:/Unreal Projects/RAPTOR/Content/Blueprints/HUD/WBP_OverheadWidget.uasset" 826
"F:/Unreal Projects/RAPTOR/Content/Blueprints/HUD/WBP_OverheadWidget.uexp" 827
"../../../Engine/Content/Animation/DefaultAnimCurveCompressionSettings.uasset" 828
"../../../Engine/Content/Animation/DefaultAnimCurveCompressionSettings.uexp" 829
"../../../Engine/Content/Animation/DefaultAnimBoneCompressionSettings.uasset" 830
"../../../Engine/Content/Animation/DefaultAnimBoneCompressionSettings.uexp" 831
"F:/Unreal Projects/RAPTOR/Content/LearningKit_Games/Assets/Characters/Character/Animations/epicCharacter_JumpRun_End.uasset" 832
"F:/Unreal Projects/RAPTOR/Content/LearningKit_Games/Assets/Characters/Character/Animations/epicCharacter_JumpRun_End.uexp" 833
"F:/Unreal Projects/RAPTOR/Content/LearningKit_Games/Assets/Characters/Character/Animations/epicCharacter_Interact_End.uasset" 834
"F:/Unreal Projects/RAPTOR/Content/LearningKit_Games/Assets/Characters/Character/Animations/epicCharacter_Interact_End.uexp" 835
"F:/Unreal Projects/RAPTOR/Content/LearningKit_Games/Assets/Characters/Character/Animations/epicCharacter_CrouchIdle.uasset" 836
"F:/Unreal Projects/RAPTOR/Content/LearningKit_Games/Assets/Characters/Character/Animations/epicCharacter_CrouchIdle.uexp" 837
"F:/Unreal Projects/RAPTOR/Content/LearningKit_Games/Assets/Characters/Character/Animations/epicCharacter_CrouchWalk.uasset" 838
"F:/Unreal Projects/RAPTOR/Content/LearningKit_Games/Assets/Characters/Character/Animations/epicCharacter_CrouchWalk.uexp" 839
"F:/Unreal Projects/RAPTOR/Content/LearningKit_Games/Assets/Characters/Character/Animations/epicCharacter_CrouchWalk_2D.uasset" 840
"F:/Unreal Projects/RAPTOR/Content/LearningKit_Games/Assets/Characters/Character/Animations/epicCharacter_CrouchWalk_2D.uexp" 841
"F:/Unreal Projects/RAPTOR/Content/LearningKit_Games/Assets/Characters/Character/Animations/epicCharacter_JumpRun_Start.uasset" 842
"F:/Unreal Projects/RAPTOR/Content/LearningKit_Games/Assets/Characters/Character/Animations/epicCharacter_JumpRun_Start.uexp" 843
"F:/Unreal Projects/RAPTOR/Content/LearningKit_Games/Assets/Characters/Character/Animations/epicCharacter_Interact_Start.uasset" 844
"F:/Unreal Projects/RAPTOR/Content/LearningKit_Games/Assets/Characters/Character/Animations/epicCharacter_Interact_Start.uexp" 845
"F:/Unreal Projects/RAPTOR/Content/LearningKit_Games/Assets/Characters/Character/Animations/epicCharacter_InteractQuick.uasset" 846
"F:/Unreal Projects/RAPTOR/Content/LearningKit_Games/Assets/Characters/Character/Animations/epicCharacter_InteractQuick.uexp" 847
"F:/Unreal Projects/RAPTOR/Content/LearningKit_Games/Assets/Characters/Character/Animations/epicCharacter_FlyRough.uasset" 848
"F:/Unreal Projects/RAPTOR/Content/LearningKit_Games/Assets/Characters/Character/Animations/epicCharacter_FlyRough.uexp" 849
"F:/Unreal Projects/RAPTOR/Content/LearningKit_Games/Assets/Characters/Character/Animations/epicCharacter_FlySmooth.uasset" 850
"F:/Unreal Projects/RAPTOR/Content/LearningKit_Games/Assets/Characters/Character/Animations/epicCharacter_FlySmooth.uexp" 851
"F:/Unreal Projects/RAPTOR/Content/LearningKit_Games/Assets/Characters/Character/Animations/epicCharacter_Hover.uasset" 852
"F:/Unreal Projects/RAPTOR/Content/LearningKit_Games/Assets/Characters/Character/Animations/epicCharacter_Hover.uexp" 853
"F:/Unreal Projects/RAPTOR/Content/LearningKit_Games/Assets/Characters/Character/Animations/epicCharacter_HoverFly_2D1.uasset" 854
"F:/Unreal Projects/RAPTOR/Content/LearningKit_Games/Assets/Characters/Character/Animations/epicCharacter_HoverFly_2D1.uexp" 855
"F:/Unreal Projects/RAPTOR/Content/LearningKit_Games/Assets/Characters/Character/Animations/epicCharacter_JumpUp_End.uasset" 856
"F:/Unreal Projects/RAPTOR/Content/LearningKit_Games/Assets/Characters/Character/Animations/epicCharacter_JumpUp_End.uexp" 857
"F:/Unreal Projects/RAPTOR/Content/LearningKit_Games/Assets/Characters/Character/Animations/epicCharacter_Idle.uasset" 858
"F:/Unreal Projects/RAPTOR/Content/LearningKit_Games/Assets/Characters/Character/Animations/epicCharacter_Idle.uexp" 859
"F:/Unreal Projects/RAPTOR/Content/LearningKit_Games/Assets/Characters/Character/Animations/epicCharacter_Walk.uasset" 860
"F:/Unreal Projects/RAPTOR/Content/LearningKit_Games/Assets/Characters/Character/Animations/epicCharacter_Walk.uexp" 861
"F:/Unreal Projects/RAPTOR/Content/LearningKit_Games/Assets/Characters/Character/Animations/epicCharacter_Run.uasset" 862
"F:/Unreal Projects/RAPTOR/Content/LearningKit_Games/Assets/Characters/Character/Animations/epicCharacter_Run.uexp" 863
"F:/Unreal Projects/RAPTOR/Content/LearningKit_Games/Assets/Characters/Character/Animations/epicCharacter_IdleRun_2D.uasset" 864
"F:/Unreal Projects/RAPTOR/Content/LearningKit_Games/Assets/Characters/Character/Animations/epicCharacter_IdleRun_2D.uexp" 865
"F:/Unreal Projects/RAPTOR/Content/LearningKit_Games/Assets/Characters/Character/Animations/epicCharacter_Celebrate.uasset" 866
"F:/Unreal Projects/RAPTOR/Content/LearningKit_Games/Assets/Characters/Character/Animations/epicCharacter_Celebrate.uexp" 867
"F:/Unreal Projects/RAPTOR/Content/LearningKit_Games/Assets/Characters/Character/Animations/epicCharacter_JumpUp_Start.uasset" 868
"F:/Unreal Projects/RAPTOR/Content/LearningKit_Games/Assets/Characters/Character/Animations/epicCharacter_JumpUp_Start.uexp" 869
"F:/Unreal Projects/RAPTOR/Content/LearningKit_Games/Assets/Characters/Character/Animations/epicCharacter_Interact_Loop.uasset" 870
"F:/Unreal Projects/RAPTOR/Content/LearningKit_Games/Assets/Characters/Character/Animations/epicCharacter_Interact_Loop.uexp" 871
"F:/Unreal Projects/RAPTOR/Content/LearningKit_Games/Assets/Characters/Character/Animations/epicCharacter_Falling.uasset" 872
"F:/Unreal Projects/RAPTOR/Content/LearningKit_Games/Assets/Characters/Character/Animations/epicCharacter_Falling.uexp" 873
"../../../Engine/Content/EditorBlueprintResources/StandardMacros.uasset" 874
"../../../Engine/Content/EditorBlueprintResources/StandardMacros.uexp" 875
"F:/Unreal Projects/RAPTOR/Content/LearningKit_Games/Assets/Characters/Character/Animations/epicCharacter_AnimBP.uasset" 876
"F:/Unreal Projects/RAPTOR/Content/LearningKit_Games/Assets/Characters/Character/Animations/epicCharacter_AnimBP.uexp" 877
"F:/Unreal Projects/RAPTOR/Content/Blueprints/BaseCharacter/BP_BaseCharacter.uasset" 878
"F:/Unreal Projects/RAPTOR/Content/Blueprints/BaseCharacter/BP_BaseCharacter.uexp" 879
"F:/Unreal Projects/RAPTOR/Content/Blueprints/GameModes/BP_MainGameMode.uasset" 880
"F:/Unreal Projects/RAPTOR/Content/Blueprints/GameModes/BP_MainGameMode.uexp" 881
"F:/Unreal Projects/RAPTOR/Content/StackOBot/Environment/Materials/Textures/T_ConcreteTileable_N.ubulk" 882
"F:/Unreal Projects/RAPTOR/Content/StackOBot/Environment/Materials/Textures/T_ConcreteTileable_N.uasset" 883
"F:/Unreal Projects/RAPTOR/Content/StackOBot/Environment/Materials/Textures/T_ConcreteTileable_N.uexp" 884
"../../../Engine/Content/ArtTools/RenderToTexture/Textures/127grey.uasset" 885
"../../../Engine/Content/ArtTools/RenderToTexture/Textures/127grey.uexp" 886
"F:/Unreal Projects/RAPTOR/Content/StackOBot/Environment/Materials/Textures/T_ConcreteTileable_M.ubulk" 887
"F:/Unreal Projects/RAPTOR/Content/StackOBot/Environment/Materials/Textures/T_ConcreteTileable_M.uasset" 888
"F:/Unreal Projects/RAPTOR/Content/StackOBot/Environment/Materials/Textures/T_ConcreteTileable_M.uexp" 889
"../../../Engine/Content/Functions/Engine_MaterialFunctions02/Utility/BlendAngleCorrectedNormals.uasset" 890
"../../../Engine/Content/Functions/Engine_MaterialFunctions02/Utility/BlendAngleCorrectedNormals.uexp" 891
"F:/Unreal Projects/RAPTOR/Content/StackOBot/Environment/Landscape/Textures/RVT_Crater_H.uasset" 892
"F:/Unreal Projects/RAPTOR/Content/StackOBot/Environment/Landscape/Textures/RVT_Crater_H.uexp" 893
"F:/Unreal Projects/RAPTOR/Content/StackOBot/Environment/Materials/Textures/T_SandTileabe_BC.ubulk" 894
"F:/Unreal Projects/RAPTOR/Content/StackOBot/Environment/Materials/Textures/T_SandTileabe_BC.uasset" 895
"F:/Unreal Projects/RAPTOR/Content/StackOBot/Environment/Materials/Textures/T_SandTileabe_BC.uexp" 896
"F:/Unreal Projects/RAPTOR/Content/StackOBot/Environment/Materials/MF_WorldSpaceUV.uasset" 897
"F:/Unreal Projects/RAPTOR/Content/StackOBot/Environment/Materials/MF_WorldSpaceUV.uexp" 898
"../../../Engine/Content/Functions/Engine_MaterialFunctions01/Texturing/WorldAlignedTexture.uasset" 899
"../../../Engine/Content/Functions/Engine_MaterialFunctions01/Texturing/WorldAlignedTexture.uexp" 900
"F:/Unreal Projects/RAPTOR/Content/StackOBot/Environment/Materials/ML_Base.uasset" 901
"F:/Unreal Projects/RAPTOR/Content/StackOBot/Environment/Materials/ML_Base.uexp" 902
"F:/Unreal Projects/RAPTOR/Content/StackOBot/Environment/Materials/M_TileMaster.uasset" 903
"F:/Unreal Projects/RAPTOR/Content/StackOBot/Environment/Materials/M_TileMaster.uexp" 904
"F:/Unreal Projects/RAPTOR/Content/StackOBot/Environment/Materials/MI_Metal.uasset" 905
"F:/Unreal Projects/RAPTOR/Content/StackOBot/Environment/Materials/MI_Metal.uexp" 906
"F:/Unreal Projects/RAPTOR/Content/StackOBot/Environment/Materials/Textures/T_Metal_Painted_N.ubulk" 907
"F:/Unreal Projects/RAPTOR/Content/StackOBot/Environment/Materials/Textures/T_Metal_Painted_N.uasset" 908
"F:/Unreal Projects/RAPTOR/Content/StackOBot/Environment/Materials/Textures/T_Metal_Painted_N.uexp" 909
"F:/Unreal Projects/RAPTOR/Content/StackOBot/Environment/Materials/Textures/T_Grunge_A.ubulk" 910
"F:/Unreal Projects/RAPTOR/Content/StackOBot/Environment/Materials/Textures/T_Grunge_A.uasset" 911
"F:/Unreal Projects/RAPTOR/Content/StackOBot/Environment/Materials/Textures/T_Grunge_A.uexp" 912
"F:/Unreal Projects/RAPTOR/Content/StackOBot/Environment/Materials/MI_Plastic.uasset" 913
"F:/Unreal Projects/RAPTOR/Content/StackOBot/Environment/Materials/MI_Plastic.uexp" 914
"F:/Unreal Projects/RAPTOR/Content/StackOBot/Environment/Props/SM_SatelliteDish_Base.ubulk" 915
"F:/Unreal Projects/RAPTOR/Content/StackOBot/Environment/Props/SM_SatelliteDish_Base.uasset" 916
"F:/Unreal Projects/RAPTOR/Content/StackOBot/Environment/Props/SM_SatelliteDish_Base.uexp" 917
"F:/Unreal Projects/RAPTOR/Content/StackOBot/Environment/Materials/Textures/T_Ribbing_N.uasset" 918
"F:/Unreal Projects/RAPTOR/Content/StackOBot/Environment/Materials/Textures/T_Ribbing_N.uexp" 919
"F:/Unreal Projects/RAPTOR/Content/StackOBot/Environment/Materials/Textures/T_Ribbing_A.uasset" 920
"F:/Unreal Projects/RAPTOR/Content/StackOBot/Environment/Materials/Textures/T_Ribbing_A.uexp" 921
"F:/Unreal Projects/RAPTOR/Content/StackOBot/Environment/Materials/MI_Carbon.uasset" 922
"F:/Unreal Projects/RAPTOR/Content/StackOBot/Environment/Materials/MI_Carbon.uexp" 923
"F:/Unreal Projects/RAPTOR/Content/StackOBot/Environment/Props/SM_SpawnPad_Base.ubulk" 924
"F:/Unreal Projects/RAPTOR/Content/StackOBot/Environment/Props/SM_SpawnPad_Base.uasset" 925
"F:/Unreal Projects/RAPTOR/Content/StackOBot/Environment/Props/SM_SpawnPad_Base.uexp" 926
"F:/Unreal Projects/RAPTOR/Content/StackOBot/Environment/Materials/Textures/T_RockTint.ubulk" 927
"F:/Unreal Projects/RAPTOR/Content/StackOBot/Environment/Materials/Textures/T_RockTint.uasset" 928
"F:/Unreal Projects/RAPTOR/Content/StackOBot/Environment/Materials/Textures/T_RockTint.uexp" 929
"../../../Engine/Content/Functions/Engine_MaterialFunctions02/HueShift.uasset" 930
"../../../Engine/Content/Functions/Engine_MaterialFunctions02/HueShift.uexp" 931
"F:/Unreal Projects/RAPTOR/Content/StackOBot/Environment/Landscape/Textures/RVT_Crater.uasset" 932
"F:/Unreal Projects/RAPTOR/Content/StackOBot/Environment/Landscape/Textures/RVT_Crater.uexp" 933
"F:/Unreal Projects/RAPTOR/Content/StackOBot/Environment/Materials/Textures/T_RockTileable_BC.ubulk" 934
"F:/Unreal Projects/RAPTOR/Content/StackOBot/Environment/Materials/Textures/T_RockTileable_BC.uasset" 935
"F:/Unreal Projects/RAPTOR/Content/StackOBot/Environment/Materials/Textures/T_RockTileable_BC.uexp" 936
"F:/Unreal Projects/RAPTOR/Content/StackOBot/Environment/Landscape/Materials/M_Rock.uasset" 937
"F:/Unreal Projects/RAPTOR/Content/StackOBot/Environment/Landscape/Materials/M_Rock.uexp" 938
"F:/Unreal Projects/RAPTOR/Content/StackOBot/Environment/Landscape/Materials/MI_Boulder.uasset" 939
"F:/Unreal Projects/RAPTOR/Content/StackOBot/Environment/Landscape/Materials/MI_Boulder.uexp" 940
"F:/Unreal Projects/RAPTOR/Content/StackOBot/Environment/Rocks/SM_Boulder.ubulk" 941
"F:/Unreal Projects/RAPTOR/Content/StackOBot/Environment/Rocks/SM_Boulder.uasset" 942
"F:/Unreal Projects/RAPTOR/Content/StackOBot/Environment/Rocks/SM_Boulder.uexp" 943
"F:/Unreal Projects/RAPTOR/Content/Maps/MainMap.uexp" 944
"F:/Unreal Projects/RAPTOR/Content/Maps/MainMap.umap" 945
"F:/Unreal Projects/RAPTOR/Content/Blueprints/GameModes/BP_LobbyGameMode.uasset" 946
"F:/Unreal Projects/RAPTOR/Content/Blueprints/GameModes/BP_LobbyGameMode.uexp" 947
"F:/Unreal Projects/RAPTOR/Content/Maps/Lobby.uexp" 948
"F:/Unreal Projects/RAPTOR/Content/Maps/Lobby.umap" 949
